2020-02-16 16:15:47.787  [http-nio-8084-exec-1] DEBUG [com.mooc.house.hsrv.mapper.HouseMapper.selectHouse:] [8bd400de090a5672,5b96db74653776fe] - ==>  Preparing: select a.id , a.type, a.name, a.price, a.images , a.area , a.beds , a.baths , a.rating , a.remarks , a.properties , a.floor_plan , a.tags , a.create_time , a.city_id , a.community_id , a.address, a.state, b.user_id from house a inner join ( select house_id,user_id from house_user WHERE type = 1 ) b on a.id = b.house_id WHERE state = 1 order by a.create_time desc limit ?, ? 
2020-02-16 16:15:47.790  [http-nio-8084-exec-1] DEBUG [com.mooc.house.hsrv.mapper.HouseMapper.selectHouse:] [8bd400de090a5672,5b96db74653776fe] - ==> Parameters: 0(Integer), 8(Integer)
2020-02-16 16:15:47.794  [http-nio-8084-exec-1] DEBUG [com.mooc.house.hsrv.mapper.HouseMapper.selectHouse:] [8bd400de090a5672,5b96db74653776fe] - <==      Total: 1
2020-02-16 16:15:57.414  [http-nio-8084-exec-10] DEBUG [com.mooc.house.hsrv.mapper.HouseMapper.selectHouse:] [230fe66ded644579,c43734f40ab325f0] - ==>  Preparing: select a.id , a.type, a.name, a.price, a.images , a.area , a.beds , a.baths , a.rating , a.remarks , a.properties , a.floor_plan , a.tags , a.create_time , a.city_id , a.community_id , a.address, a.state, b.user_id from house a inner join ( select house_id,user_id from house_user WHERE user_id = ? and type = 1 ) b on a.id = b.house_id WHERE state = 1 order by a.create_time desc limit ?, ? 
2020-02-16 16:15:57.415  [http-nio-8084-exec-10] DEBUG [com.mooc.house.hsrv.mapper.HouseMapper.selectHouse:] [230fe66ded644579,c43734f40ab325f0] - ==> Parameters: 3(Long), 0(Integer), 2(Integer)
2020-02-16 16:15:57.417  [http-nio-8084-exec-10] DEBUG [com.mooc.house.hsrv.mapper.HouseMapper.selectHouse:] [230fe66ded644579,c43734f40ab325f0] - <==      Total: 1
2020-02-16 16:15:57.418  [http-nio-8084-exec-10] DEBUG [com.mooc.house.hsrv.mapper.HouseMapper.selectHouseCount:] [230fe66ded644579,c43734f40ab325f0] - ==>  Preparing: select count(id) from house a inner join ( select house_id,user_id from house_user WHERE user_id = ? and type = 1 ) b on a.id = b.house_id WHERE state = 1 
2020-02-16 16:15:57.419  [http-nio-8084-exec-10] DEBUG [com.mooc.house.hsrv.mapper.HouseMapper.selectHouseCount:] [230fe66ded644579,c43734f40ab325f0] - ==> Parameters: 3(Long)
2020-02-16 16:15:57.419  [http-nio-8084-exec-10] DEBUG [com.mooc.house.hsrv.mapper.HouseMapper.selectHouseCount:] [230fe66ded644579,c43734f40ab325f0] - <==      Total: 1
2020-02-16 16:16:58.117  [http-nio-8084-exec-8] DEBUG [com.mooc.house.hsrv.mapper.HouseMapper.downHouse:] [db504da4ec1ebc16,332eeb0b2ff3d065] - ==>  Preparing: update house set state = 2 where id = ? 
2020-02-16 16:16:58.131  [http-nio-8084-exec-8] DEBUG [com.mooc.house.hsrv.mapper.HouseMapper.downHouse:] [db504da4ec1ebc16,332eeb0b2ff3d065] - ==> Parameters: 1(Long)
2020-02-16 16:16:58.136  [http-nio-8084-exec-8] DEBUG [com.mooc.house.hsrv.mapper.HouseMapper.downHouse:] [db504da4ec1ebc16,332eeb0b2ff3d065] - <==    Updates: 1
2020-02-16 16:16:59.951  [http-nio-8084-exec-7] DEBUG [com.mooc.house.hsrv.mapper.HouseMapper.selectHouse:] [0b74ca3ff3d09908,b0b96cfb500967d3] - ==>  Preparing: select a.id , a.type, a.name, a.price, a.images , a.area , a.beds , a.baths , a.rating , a.remarks , a.properties , a.floor_plan , a.tags , a.create_time , a.city_id , a.community_id , a.address, a.state, b.user_id from house a inner join ( select house_id,user_id from house_user WHERE user_id = ? and type = 1 ) b on a.id = b.house_id WHERE state = 1 order by a.create_time desc limit ?, ? 
2020-02-16 16:16:59.952  [http-nio-8084-exec-7] DEBUG [com.mooc.house.hsrv.mapper.HouseMapper.selectHouse:] [0b74ca3ff3d09908,b0b96cfb500967d3] - ==> Parameters: 3(Long), 0(Integer), 2(Integer)
2020-02-16 16:16:59.955  [http-nio-8084-exec-7] DEBUG [com.mooc.house.hsrv.mapper.HouseMapper.selectHouse:] [0b74ca3ff3d09908,b0b96cfb500967d3] - <==      Total: 0
2020-02-16 16:16:59.956  [http-nio-8084-exec-7] DEBUG [com.mooc.house.hsrv.mapper.HouseMapper.selectHouseCount:] [0b74ca3ff3d09908,b0b96cfb500967d3] - ==>  Preparing: select count(id) from house a inner join ( select house_id,user_id from house_user WHERE user_id = ? and type = 1 ) b on a.id = b.house_id WHERE state = 1 
2020-02-16 16:16:59.957  [http-nio-8084-exec-7] DEBUG [com.mooc.house.hsrv.mapper.HouseMapper.selectHouseCount:] [0b74ca3ff3d09908,b0b96cfb500967d3] - ==> Parameters: 3(Long)
2020-02-16 16:16:59.959  [http-nio-8084-exec-7] DEBUG [com.mooc.house.hsrv.mapper.HouseMapper.selectHouseCount:] [0b74ca3ff3d09908,b0b96cfb500967d3] - <==      Total: 1
2020-02-16 16:17:13.101  [http-nio-8084-exec-6] DEBUG [com.mooc.house.hsrv.mapper.HouseMapper.selectHouse:] [661ea0d402d86508,06ed4b2c47948fe2] - ==>  Preparing: select a.id , a.type, a.name, a.price, a.images , a.area , a.beds , a.baths , a.rating , a.remarks , a.properties , a.floor_plan , a.tags , a.create_time , a.city_id , a.community_id , a.address, a.state, b.user_id from house a inner join ( select house_id,user_id from house_user WHERE user_id = ? and type = 2 ) b on a.id = b.house_id WHERE state = 1 order by a.create_time desc limit ?, ? 
2020-02-16 16:17:13.102  [http-nio-8084-exec-6] DEBUG [com.mooc.house.hsrv.mapper.HouseMapper.selectHouse:] [661ea0d402d86508,06ed4b2c47948fe2] - ==> Parameters: 3(Long), 0(Integer), 2(Integer)
2020-02-16 16:17:13.103  [http-nio-8084-exec-6] DEBUG [com.mooc.house.hsrv.mapper.HouseMapper.selectHouse:] [661ea0d402d86508,06ed4b2c47948fe2] - <==      Total: 0
2020-02-16 16:17:13.104  [http-nio-8084-exec-6] DEBUG [com.mooc.house.hsrv.mapper.HouseMapper.selectHouseCount:] [661ea0d402d86508,06ed4b2c47948fe2] - ==>  Preparing: select count(id) from house a inner join ( select house_id,user_id from house_user WHERE user_id = ? and type = 2 ) b on a.id = b.house_id WHERE state = 1 
2020-02-16 16:17:13.105  [http-nio-8084-exec-6] DEBUG [com.mooc.house.hsrv.mapper.HouseMapper.selectHouseCount:] [661ea0d402d86508,06ed4b2c47948fe2] - ==> Parameters: 3(Long)
2020-02-16 16:17:13.106  [http-nio-8084-exec-6] DEBUG [com.mooc.house.hsrv.mapper.HouseMapper.selectHouseCount:] [661ea0d402d86508,06ed4b2c47948fe2] - <==      Total: 1
2020-02-16 16:17:16.326  [http-nio-8084-exec-5] DEBUG [com.mooc.house.hsrv.mapper.HouseMapper.selectHouse:] [c1d5de556dd31364,fb6151c8e71f4b84] - ==>  Preparing: select a.id , a.type, a.name, a.price, a.images , a.area , a.beds , a.baths , a.rating , a.remarks , a.properties , a.floor_plan , a.tags , a.create_time , a.city_id , a.community_id , a.address, a.state, b.user_id from house a inner join ( select house_id,user_id from house_user WHERE type = 1 ) b on a.id = b.house_id WHERE state = 1 order by a.create_time desc limit ?, ? 
2020-02-16 16:17:16.330  [http-nio-8084-exec-5] DEBUG [com.mooc.house.hsrv.mapper.HouseMapper.selectHouse:] [c1d5de556dd31364,fb6151c8e71f4b84] - ==> Parameters: 0(Integer), 2(Integer)
2020-02-16 16:17:16.334  [http-nio-8084-exec-5] DEBUG [com.mooc.house.hsrv.mapper.HouseMapper.selectHouse:] [c1d5de556dd31364,fb6151c8e71f4b84] - <==      Total: 0
2020-02-16 16:17:16.335  [http-nio-8084-exec-5] DEBUG [com.mooc.house.hsrv.mapper.HouseMapper.selectHouseCount:] [c1d5de556dd31364,fb6151c8e71f4b84] - ==>  Preparing: select count(id) from house a inner join ( select house_id,user_id from house_user WHERE type = 1 ) b on a.id = b.house_id WHERE state = 1 
2020-02-16 16:17:16.336  [http-nio-8084-exec-5] DEBUG [com.mooc.house.hsrv.mapper.HouseMapper.selectHouseCount:] [c1d5de556dd31364,fb6151c8e71f4b84] - ==> Parameters: 
2020-02-16 16:17:16.337  [http-nio-8084-exec-5] DEBUG [com.mooc.house.hsrv.mapper.HouseMapper.selectHouseCount:] [c1d5de556dd31364,fb6151c8e71f4b84] - <==      Total: 1
2020-02-16 16:17:16.825  [http-nio-8084-exec-4] DEBUG [com.mooc.house.hsrv.mapper.HouseMapper.selectHouse:] [c1d5de556dd31364,0abd137761386736] - ==>  Preparing: select a.id , a.type, a.name, a.price, a.images , a.area , a.beds , a.baths , a.rating , a.remarks , a.properties , a.floor_plan , a.tags , a.create_time , a.city_id , a.community_id , a.address, a.state, b.user_id from house a inner join ( select house_id,user_id from house_user WHERE type = 1 ) b on a.id = b.house_id WHERE state = 1 and id in ( ? ) order by a.create_time desc limit ?, ? 
2020-02-16 16:17:16.826  [http-nio-8084-exec-4] DEBUG [com.mooc.house.hsrv.mapper.HouseMapper.selectHouse:] [c1d5de556dd31364,0abd137761386736] - ==> Parameters: 1(Long), 0(Integer), 3(Integer)
2020-02-16 16:17:16.828  [http-nio-8084-exec-4] DEBUG [com.mooc.house.hsrv.mapper.HouseMapper.selectHouse:] [c1d5de556dd31364,0abd137761386736] - <==      Total: 0
2020-02-16 16:17:27.646  [http-nio-8084-exec-3] DEBUG [com.mooc.house.hsrv.mapper.HouseMapper.selectHouse:] [463de02f0e04af27,92957c736ba883d5] - ==>  Preparing: select a.id , a.type, a.name, a.price, a.images , a.area , a.beds , a.baths , a.rating , a.remarks , a.properties , a.floor_plan , a.tags , a.create_time , a.city_id , a.community_id , a.address, a.state, b.user_id from house a inner join ( select house_id,user_id from house_user WHERE user_id = ? and type = 1 ) b on a.id = b.house_id WHERE state = 1 order by a.create_time desc limit ?, ? 
2020-02-16 16:17:27.647  [http-nio-8084-exec-3] DEBUG [com.mooc.house.hsrv.mapper.HouseMapper.selectHouse:] [463de02f0e04af27,92957c736ba883d5] - ==> Parameters: 3(Long), 0(Integer), 2(Integer)
2020-02-16 16:17:27.648  [http-nio-8084-exec-3] DEBUG [com.mooc.house.hsrv.mapper.HouseMapper.selectHouse:] [463de02f0e04af27,92957c736ba883d5] - <==      Total: 0
2020-02-16 16:17:27.649  [http-nio-8084-exec-3] DEBUG [com.mooc.house.hsrv.mapper.HouseMapper.selectHouseCount:] [463de02f0e04af27,92957c736ba883d5] - ==>  Preparing: select count(id) from house a inner join ( select house_id,user_id from house_user WHERE user_id = ? and type = 1 ) b on a.id = b.house_id WHERE state = 1 
2020-02-16 16:17:27.650  [http-nio-8084-exec-3] DEBUG [com.mooc.house.hsrv.mapper.HouseMapper.selectHouseCount:] [463de02f0e04af27,92957c736ba883d5] - ==> Parameters: 3(Long)
2020-02-16 16:17:27.650  [http-nio-8084-exec-3] DEBUG [com.mooc.house.hsrv.mapper.HouseMapper.selectHouseCount:] [463de02f0e04af27,92957c736ba883d5] - <==      Total: 1
2020-02-16 16:17:32.039  [http-nio-8084-exec-2] DEBUG [com.mooc.house.hsrv.mapper.CityMapper.selectCitys:] [1e2df2d0a34d5f70,2d849c5abddc57b0] - ==>  Preparing: select id , city_name, city_code from city 
2020-02-16 16:17:32.040  [http-nio-8084-exec-2] DEBUG [com.mooc.house.hsrv.mapper.CityMapper.selectCitys:] [1e2df2d0a34d5f70,2d849c5abddc57b0] - ==> Parameters: 
2020-02-16 16:17:32.041  [http-nio-8084-exec-2] DEBUG [com.mooc.house.hsrv.mapper.CityMapper.selectCitys:] [1e2df2d0a34d5f70,2d849c5abddc57b0] - <==      Total: 2
2020-02-16 16:17:32.512  [http-nio-8084-exec-2] DEBUG [com.mooc.house.hsrv.mapper.HouseMapper.selectCommunity:] [1e2df2d0a34d5f70,4c8a7ea92678758d] - ==>  Preparing: select id , city_code, name, city_name from community 
2020-02-16 16:17:32.512  [http-nio-8084-exec-2] DEBUG [com.mooc.house.hsrv.mapper.HouseMapper.selectCommunity:] [1e2df2d0a34d5f70,4c8a7ea92678758d] - ==> Parameters: 
2020-02-16 16:17:32.513  [http-nio-8084-exec-2] DEBUG [com.mooc.house.hsrv.mapper.HouseMapper.selectCommunity:] [1e2df2d0a34d5f70,4c8a7ea92678758d] - <==      Total: 2
2020-02-16 16:18:31.164  [http-nio-8084-exec-1] DEBUG [com.mooc.house.hsrv.mapper.HouseMapper.insert:] [ad239b46d09f9cec,c61ed50b095beb32] - ==>  Preparing: insert into house( type, name, price, images , area , beds , baths , rating , remarks , properties , floor_plan , tags , create_time , city_id , community_id , address, state ) value( ?, ?, ?, ?, ?, ?, ?, ?, ?, ?, ?, ?, ?, ?, ?, ?, ? ) 
2020-02-16 16:18:31.175  [http-nio-8084-exec-1] DEBUG [com.mooc.house.hsrv.mapper.HouseMapper.insert:] [ad239b46d09f9cec,c61ed50b095beb32] - ==> Parameters: 1(Integer), aaa(String), 1112(Integer), /1581841110/cs.jpg,/1581841110/下载 (1).jpg,/1581841110/下载 (3).jpg(String), 300(Integer), 4(Integer), 3(Integer), 0.0(Double), daad(String), 满五年,带阳台,户型好,精装修(String), /1581841110/下载 (3).jpg(String), (String), 2020-02-16 16:18:31.158(Timestamp), 100001(Integer), 11001(Integer), XXX街屌炸天路XXOO小区(String), 1(Integer)
2020-02-16 16:18:31.183  [http-nio-8084-exec-1] DEBUG [com.mooc.house.hsrv.mapper.HouseMapper.insert:] [ad239b46d09f9cec,c61ed50b095beb32] - <==    Updates: 1
2020-02-16 16:18:31.184  [http-nio-8084-exec-1] DEBUG [com.mooc.house.hsrv.mapper.HouseMapper.selectHouseUser:] [ad239b46d09f9cec,c61ed50b095beb32] - ==>  Preparing: select id,house_id, user_id, create_time,type from house_user where house_id = ? and user_id=? and type = ? 
2020-02-16 16:18:31.185  [http-nio-8084-exec-1] DEBUG [com.mooc.house.hsrv.mapper.HouseMapper.selectHouseUser:] [ad239b46d09f9cec,c61ed50b095beb32] - ==> Parameters: 2(Long), 3(Long), 1(Integer)
2020-02-16 16:18:31.185  [http-nio-8084-exec-1] DEBUG [com.mooc.house.hsrv.mapper.HouseMapper.selectHouseUser:] [ad239b46d09f9cec,c61ed50b095beb32] - <==      Total: 0
2020-02-16 16:18:31.193  [http-nio-8084-exec-1] DEBUG [com.mooc.house.hsrv.mapper.HouseMapper.insertHouseUser:] [ad239b46d09f9cec,c61ed50b095beb32] - ==>  Preparing: insert into house_user ( house_id, user_id, create_time, type) value( ?, ?, ?, ? ) 
2020-02-16 16:18:31.194  [http-nio-8084-exec-1] DEBUG [com.mooc.house.hsrv.mapper.HouseMapper.insertHouseUser:] [ad239b46d09f9cec,c61ed50b095beb32] - ==> Parameters: 2(Long), 3(Long), 2020-02-16 16:18:31.193(Timestamp), 1(Integer)
2020-02-16 16:18:31.195  [http-nio-8084-exec-1] DEBUG [com.mooc.house.hsrv.mapper.HouseMapper.insertHouseUser:] [ad239b46d09f9cec,c61ed50b095beb32] - <==    Updates: 1
2020-02-16 16:18:32.839  [http-nio-8084-exec-10] DEBUG [com.mooc.house.hsrv.mapper.HouseMapper.selectHouse:] [4f136a4ee97e07ce,066e2bcc845590df] - ==>  Preparing: select a.id , a.type, a.name, a.price, a.images , a.area , a.beds , a.baths , a.rating , a.remarks , a.properties , a.floor_plan , a.tags , a.create_time , a.city_id , a.community_id , a.address, a.state, b.user_id from house a inner join ( select house_id,user_id from house_user WHERE user_id = ? and type = 1 ) b on a.id = b.house_id WHERE state = 1 order by a.create_time desc limit ?, ? 
2020-02-16 16:18:32.840  [http-nio-8084-exec-10] DEBUG [com.mooc.house.hsrv.mapper.HouseMapper.selectHouse:] [4f136a4ee97e07ce,066e2bcc845590df] - ==> Parameters: 3(Long), 0(Integer), 2(Integer)
2020-02-16 16:18:32.846  [http-nio-8084-exec-10] DEBUG [com.mooc.house.hsrv.mapper.HouseMapper.selectHouse:] [4f136a4ee97e07ce,066e2bcc845590df] - <==      Total: 1
2020-02-16 16:18:32.847  [http-nio-8084-exec-10] DEBUG [com.mooc.house.hsrv.mapper.HouseMapper.selectHouseCount:] [4f136a4ee97e07ce,066e2bcc845590df] - ==>  Preparing: select count(id) from house a inner join ( select house_id,user_id from house_user WHERE user_id = ? and type = 1 ) b on a.id = b.house_id WHERE state = 1 
2020-02-16 16:18:32.847  [http-nio-8084-exec-10] DEBUG [com.mooc.house.hsrv.mapper.HouseMapper.selectHouseCount:] [4f136a4ee97e07ce,066e2bcc845590df] - ==> Parameters: 3(Long)
2020-02-16 16:18:32.849  [http-nio-8084-exec-10] DEBUG [com.mooc.house.hsrv.mapper.HouseMapper.selectHouseCount:] [4f136a4ee97e07ce,066e2bcc845590df] - <==      Total: 1
2020-02-16 16:18:36.071  [http-nio-8084-exec-9] DEBUG [com.mooc.house.hsrv.mapper.CityMapper.selectCitys:] [864bd9a8bca53d96,1a055fcd0efb63ae] - ==>  Preparing: select id , city_name, city_code from city 
2020-02-16 16:18:36.071  [http-nio-8084-exec-9] DEBUG [com.mooc.house.hsrv.mapper.CityMapper.selectCitys:] [864bd9a8bca53d96,1a055fcd0efb63ae] - ==> Parameters: 
2020-02-16 16:18:36.072  [http-nio-8084-exec-9] DEBUG [com.mooc.house.hsrv.mapper.CityMapper.selectCitys:] [864bd9a8bca53d96,1a055fcd0efb63ae] - <==      Total: 2
2020-02-16 16:18:36.590  [http-nio-8084-exec-8] DEBUG [com.mooc.house.hsrv.mapper.HouseMapper.selectCommunity:] [864bd9a8bca53d96,0e6618e9c42e2c0e] - ==>  Preparing: select id , city_code, name, city_name from community 
2020-02-16 16:18:36.591  [http-nio-8084-exec-8] DEBUG [com.mooc.house.hsrv.mapper.HouseMapper.selectCommunity:] [864bd9a8bca53d96,0e6618e9c42e2c0e] - ==> Parameters: 
2020-02-16 16:18:36.592  [http-nio-8084-exec-8] DEBUG [com.mooc.house.hsrv.mapper.HouseMapper.selectCommunity:] [864bd9a8bca53d96,0e6618e9c42e2c0e] - <==      Total: 2
2020-02-16 16:19:45.249  [http-nio-8084-exec-6] DEBUG [com.mooc.house.hsrv.mapper.HouseMapper.insert:] [446474d5d718385e,8977770657e54c22] - ==>  Preparing: insert into house( type, name, price, images , area , beds , baths , rating , remarks , properties , floor_plan , tags , create_time , city_id , community_id , address, state ) value( ?, ?, ?, ?, ?, ?, ?, ?, ?, ?, ?, ?, ?, ?, ?, ?, ? ) 
2020-02-16 16:19:45.251  [http-nio-8084-exec-6] DEBUG [com.mooc.house.hsrv.mapper.HouseMapper.insert:] [446474d5d718385e,8977770657e54c22] - ==> Parameters: 2(Integer), testO(String), 111(Integer), /1581841185/591c2437e7bce71391c90b6d.jpg(String), 300(Integer), 4(Integer), 3(Integer), 0.0(Double), 2(String), 满两年,学区房,户型好(String), /1581841185/363427.jpg(String), (String), 2020-02-16 16:19:45.248(Timestamp), 100002(Integer), 11002(Integer), XXX街屌炸天路XXOO小区(String), 1(Integer)
2020-02-16 16:19:45.251  [http-nio-8084-exec-6] DEBUG [com.mooc.house.hsrv.mapper.HouseMapper.insert:] [446474d5d718385e,8977770657e54c22] - <==    Updates: 1
2020-02-16 16:19:45.253  [http-nio-8084-exec-6] DEBUG [com.mooc.house.hsrv.mapper.HouseMapper.selectHouseUser:] [446474d5d718385e,8977770657e54c22] - ==>  Preparing: select id,house_id, user_id, create_time,type from house_user where house_id = ? and user_id=? and type = ? 
2020-02-16 16:19:45.253  [http-nio-8084-exec-6] DEBUG [com.mooc.house.hsrv.mapper.HouseMapper.selectHouseUser:] [446474d5d718385e,8977770657e54c22] - ==> Parameters: 3(Long), 3(Long), 1(Integer)
2020-02-16 16:19:45.254  [http-nio-8084-exec-6] DEBUG [com.mooc.house.hsrv.mapper.HouseMapper.selectHouseUser:] [446474d5d718385e,8977770657e54c22] - <==      Total: 0
2020-02-16 16:19:45.255  [http-nio-8084-exec-6] DEBUG [com.mooc.house.hsrv.mapper.HouseMapper.insertHouseUser:] [446474d5d718385e,8977770657e54c22] - ==>  Preparing: insert into house_user ( house_id, user_id, create_time, type) value( ?, ?, ?, ? ) 
2020-02-16 16:19:45.256  [http-nio-8084-exec-6] DEBUG [com.mooc.house.hsrv.mapper.HouseMapper.insertHouseUser:] [446474d5d718385e,8977770657e54c22] - ==> Parameters: 3(Long), 3(Long), 2020-02-16 16:19:45.255(Timestamp), 1(Integer)
2020-02-16 16:19:45.256  [http-nio-8084-exec-6] DEBUG [com.mooc.house.hsrv.mapper.HouseMapper.insertHouseUser:] [446474d5d718385e,8977770657e54c22] - <==    Updates: 1
2020-02-16 16:19:46.905  [http-nio-8084-exec-5] DEBUG [com.mooc.house.hsrv.mapper.HouseMapper.selectHouse:] [f5dd69638ebdc4c5,7c1724254afcb33d] - ==>  Preparing: select a.id , a.type, a.name, a.price, a.images , a.area , a.beds , a.baths , a.rating , a.remarks , a.properties , a.floor_plan , a.tags , a.create_time , a.city_id , a.community_id , a.address, a.state, b.user_id from house a inner join ( select house_id,user_id from house_user WHERE user_id = ? and type = 1 ) b on a.id = b.house_id WHERE state = 1 order by a.create_time desc limit ?, ? 
2020-02-16 16:19:46.906  [http-nio-8084-exec-5] DEBUG [com.mooc.house.hsrv.mapper.HouseMapper.selectHouse:] [f5dd69638ebdc4c5,7c1724254afcb33d] - ==> Parameters: 3(Long), 0(Integer), 2(Integer)
2020-02-16 16:19:46.917  [http-nio-8084-exec-5] DEBUG [com.mooc.house.hsrv.mapper.HouseMapper.selectHouse:] [f5dd69638ebdc4c5,7c1724254afcb33d] - <==      Total: 2
2020-02-16 16:19:46.917  [http-nio-8084-exec-5] DEBUG [com.mooc.house.hsrv.mapper.HouseMapper.selectHouseCount:] [f5dd69638ebdc4c5,7c1724254afcb33d] - ==>  Preparing: select count(id) from house a inner join ( select house_id,user_id from house_user WHERE user_id = ? and type = 1 ) b on a.id = b.house_id WHERE state = 1 
2020-02-16 16:19:46.918  [http-nio-8084-exec-5] DEBUG [com.mooc.house.hsrv.mapper.HouseMapper.selectHouseCount:] [f5dd69638ebdc4c5,7c1724254afcb33d] - ==> Parameters: 3(Long)
2020-02-16 16:19:46.919  [http-nio-8084-exec-5] DEBUG [com.mooc.house.hsrv.mapper.HouseMapper.selectHouseCount:] [f5dd69638ebdc4c5,7c1724254afcb33d] - <==      Total: 1
2020-02-16 16:19:53.810  [http-nio-8084-exec-4] DEBUG [com.mooc.house.hsrv.mapper.HouseMapper.selectHouse:] [86c8346f41ebefa6,441a1e1df5e45e3d] - ==>  Preparing: select a.id , a.type, a.name, a.price, a.images , a.area , a.beds , a.baths , a.rating , a.remarks , a.properties , a.floor_plan , a.tags , a.create_time , a.city_id , a.community_id , a.address, a.state, b.user_id from house a inner join ( select house_id,user_id from house_user WHERE type = 1 ) b on a.id = b.house_id WHERE state = 1 order by a.create_time desc limit ?, ? 
2020-02-16 16:19:53.811  [http-nio-8084-exec-4] DEBUG [com.mooc.house.hsrv.mapper.HouseMapper.selectHouse:] [86c8346f41ebefa6,441a1e1df5e45e3d] - ==> Parameters: 0(Integer), 2(Integer)
2020-02-16 16:19:53.816  [http-nio-8084-exec-4] DEBUG [com.mooc.house.hsrv.mapper.HouseMapper.selectHouse:] [86c8346f41ebefa6,441a1e1df5e45e3d] - <==      Total: 2
2020-02-16 16:19:53.817  [http-nio-8084-exec-4] DEBUG [com.mooc.house.hsrv.mapper.HouseMapper.selectHouseCount:] [86c8346f41ebefa6,441a1e1df5e45e3d] - ==>  Preparing: select count(id) from house a inner join ( select house_id,user_id from house_user WHERE type = 1 ) b on a.id = b.house_id WHERE state = 1 
2020-02-16 16:19:53.818  [http-nio-8084-exec-4] DEBUG [com.mooc.house.hsrv.mapper.HouseMapper.selectHouseCount:] [86c8346f41ebefa6,441a1e1df5e45e3d] - ==> Parameters: 
2020-02-16 16:19:53.819  [http-nio-8084-exec-4] DEBUG [com.mooc.house.hsrv.mapper.HouseMapper.selectHouseCount:] [86c8346f41ebefa6,441a1e1df5e45e3d] - <==      Total: 1
2020-02-16 16:19:54.400  [http-nio-8084-exec-3] DEBUG [com.mooc.house.hsrv.mapper.HouseMapper.selectHouse:] [86c8346f41ebefa6,acedd54d8067e43e] - ==>  Preparing: select a.id , a.type, a.name, a.price, a.images , a.area , a.beds , a.baths , a.rating , a.remarks , a.properties , a.floor_plan , a.tags , a.create_time , a.city_id , a.community_id , a.address, a.state, b.user_id from house a inner join ( select house_id,user_id from house_user WHERE type = 1 ) b on a.id = b.house_id WHERE state = 1 and id in ( ? ) order by a.create_time desc limit ?, ? 
2020-02-16 16:19:54.401  [http-nio-8084-exec-3] DEBUG [com.mooc.house.hsrv.mapper.HouseMapper.selectHouse:] [86c8346f41ebefa6,acedd54d8067e43e] - ==> Parameters: 1(Long), 0(Integer), 3(Integer)
2020-02-16 16:19:54.402  [http-nio-8084-exec-3] DEBUG [com.mooc.house.hsrv.mapper.HouseMapper.selectHouse:] [86c8346f41ebefa6,acedd54d8067e43e] - <==      Total: 0
2020-02-16 16:19:59.842  [http-nio-8084-exec-2] DEBUG [com.mooc.house.hsrv.mapper.HouseMapper.selectHouse:] [c744edea24fb40a8,1c0c8e5a925110c7] - ==>  Preparing: select a.id , a.type, a.name, a.price, a.images , a.area , a.beds , a.baths , a.rating , a.remarks , a.properties , a.floor_plan , a.tags , a.create_time , a.city_id , a.community_id , a.address, a.state, b.user_id from house a inner join ( select house_id,user_id from house_user WHERE type = 1 ) b on a.id = b.house_id WHERE state = 1 and a.id = ? order by a.create_time desc limit ?, ? 
2020-02-16 16:19:59.844  [http-nio-8084-exec-2] DEBUG [com.mooc.house.hsrv.mapper.HouseMapper.selectHouse:] [c744edea24fb40a8,1c0c8e5a925110c7] - ==> Parameters: 3(Long), 0(Integer), 1(Integer)
2020-02-16 16:19:59.847  [http-nio-8084-exec-2] DEBUG [com.mooc.house.hsrv.mapper.HouseMapper.selectHouse:] [c744edea24fb40a8,1c0c8e5a925110c7] - <==      Total: 1
2020-02-16 16:20:02.735  [http-nio-8084-exec-1] DEBUG [com.mooc.house.hsrv.mapper.HouseMapper.selectHouse:] [c744edea24fb40a8,f2d32701ae95d9e6] - ==>  Preparing: select a.id , a.type, a.name, a.price, a.images , a.area , a.beds , a.baths , a.rating , a.remarks , a.properties , a.floor_plan , a.tags , a.create_time , a.city_id , a.community_id , a.address, a.state, b.user_id from house a inner join ( select house_id,user_id from house_user WHERE type = 1 ) b on a.id = b.house_id WHERE state = 1 and id in ( ? , ? ) order by a.create_time desc limit ?, ? 
2020-02-16 16:20:02.735  [http-nio-8084-exec-1] DEBUG [com.mooc.house.hsrv.mapper.HouseMapper.selectHouse:] [c744edea24fb40a8,f2d32701ae95d9e6] - ==> Parameters: 1(Long), 3(Long), 0(Integer), 3(Integer)
2020-02-16 16:20:02.739  [http-nio-8084-exec-1] DEBUG [com.mooc.house.hsrv.mapper.HouseMapper.selectHouse:] [c744edea24fb40a8,f2d32701ae95d9e6] - <==      Total: 1
2020-02-16 16:20:08.000  [http-nio-8084-exec-10] DEBUG [com.mooc.house.hsrv.mapper.HouseMapper.selectHouseUser:] [f46e0e2dc89c8ac6,fcd319caa7ae2134] - ==>  Preparing: select id,house_id, user_id, create_time,type from house_user where house_id = ? and user_id=? and type = ? 
2020-02-16 16:20:08.000  [http-nio-8084-exec-10] DEBUG [com.mooc.house.hsrv.mapper.HouseMapper.selectHouseUser:] [f46e0e2dc89c8ac6,fcd319caa7ae2134] - ==> Parameters: 3(Long), 3(Long), 2(Integer)
2020-02-16 16:20:08.002  [http-nio-8084-exec-10] DEBUG [com.mooc.house.hsrv.mapper.HouseMapper.selectHouseUser:] [f46e0e2dc89c8ac6,fcd319caa7ae2134] - <==      Total: 0
2020-02-16 16:20:08.003  [http-nio-8084-exec-10] DEBUG [com.mooc.house.hsrv.mapper.HouseMapper.insertHouseUser:] [f46e0e2dc89c8ac6,fcd319caa7ae2134] - ==>  Preparing: insert into house_user ( house_id, user_id, create_time, type) value( ?, ?, ?, ? ) 
2020-02-16 16:20:08.004  [http-nio-8084-exec-10] DEBUG [com.mooc.house.hsrv.mapper.HouseMapper.insertHouseUser:] [f46e0e2dc89c8ac6,fcd319caa7ae2134] - ==> Parameters: 3(Long), 3(Long), 2020-02-16 16:20:08.002(Timestamp), 2(Integer)
2020-02-16 16:20:08.004  [http-nio-8084-exec-10] DEBUG [com.mooc.house.hsrv.mapper.HouseMapper.insertHouseUser:] [f46e0e2dc89c8ac6,fcd319caa7ae2134] - <==    Updates: 1
2020-02-16 16:20:18.695  [http-nio-8084-exec-9] DEBUG [com.mooc.house.hsrv.mapper.HouseMapper.selectHouse:] [e1412517ac1d8909,09fcf1d891f4cebf] - ==>  Preparing: select a.id , a.type, a.name, a.price, a.images , a.area , a.beds , a.baths , a.rating , a.remarks , a.properties , a.floor_plan , a.tags , a.create_time , a.city_id , a.community_id , a.address, a.state, b.user_id from house a inner join ( select house_id,user_id from house_user WHERE user_id = ? and type = 2 ) b on a.id = b.house_id WHERE state = 1 order by a.create_time desc limit ?, ? 
2020-02-16 16:20:18.695  [http-nio-8084-exec-9] DEBUG [com.mooc.house.hsrv.mapper.HouseMapper.selectHouse:] [e1412517ac1d8909,09fcf1d891f4cebf] - ==> Parameters: 3(Long), 0(Integer), 2(Integer)
2020-02-16 16:20:18.697  [http-nio-8084-exec-9] DEBUG [com.mooc.house.hsrv.mapper.HouseMapper.selectHouse:] [e1412517ac1d8909,09fcf1d891f4cebf] - <==      Total: 1
2020-02-16 16:20:18.697  [http-nio-8084-exec-9] DEBUG [com.mooc.house.hsrv.mapper.HouseMapper.selectHouseCount:] [e1412517ac1d8909,09fcf1d891f4cebf] - ==>  Preparing: select count(id) from house a inner join ( select house_id,user_id from house_user WHERE user_id = ? and type = 2 ) b on a.id = b.house_id WHERE state = 1 
2020-02-16 16:20:18.698  [http-nio-8084-exec-9] DEBUG [com.mooc.house.hsrv.mapper.HouseMapper.selectHouseCount:] [e1412517ac1d8909,09fcf1d891f4cebf] - ==> Parameters: 3(Long)
2020-02-16 16:20:18.699  [http-nio-8084-exec-9] DEBUG [com.mooc.house.hsrv.mapper.HouseMapper.selectHouseCount:] [e1412517ac1d8909,09fcf1d891f4cebf] - <==      Total: 1
2020-02-16 16:22:23.648  [http-nio-8084-exec-7] DEBUG [com.mooc.house.hsrv.mapper.HouseMapper.selectHouse:] [683f4f7147234bc7,244c5432f7f53f8d] - ==>  Preparing: select a.id , a.type, a.name, a.price, a.images , a.area , a.beds , a.baths , a.rating , a.remarks , a.properties , a.floor_plan , a.tags , a.create_time , a.city_id , a.community_id , a.address, a.state, b.user_id from house a inner join ( select house_id,user_id from house_user WHERE type = 1 ) b on a.id = b.house_id WHERE state = 1 and a.type = ? order by a.create_time desc limit ?, ? 
2020-02-16 16:22:23.649  [http-nio-8084-exec-7] DEBUG [com.mooc.house.hsrv.mapper.HouseMapper.selectHouse:] [683f4f7147234bc7,244c5432f7f53f8d] - ==> Parameters: 1(Integer), 0(Integer), 2(Integer)
2020-02-16 16:22:23.651  [http-nio-8084-exec-7] DEBUG [com.mooc.house.hsrv.mapper.HouseMapper.selectHouse:] [683f4f7147234bc7,244c5432f7f53f8d] - <==      Total: 1
2020-02-16 16:22:23.652  [http-nio-8084-exec-7] DEBUG [com.mooc.house.hsrv.mapper.HouseMapper.selectHouseCount:] [683f4f7147234bc7,244c5432f7f53f8d] - ==>  Preparing: select count(id) from house a inner join ( select house_id,user_id from house_user WHERE type = 1 ) b on a.id = b.house_id WHERE state = 1 and a.type = ? 
2020-02-16 16:22:23.652  [http-nio-8084-exec-7] DEBUG [com.mooc.house.hsrv.mapper.HouseMapper.selectHouseCount:] [683f4f7147234bc7,244c5432f7f53f8d] - ==> Parameters: 1(Integer)
2020-02-16 16:22:23.653  [http-nio-8084-exec-7] DEBUG [com.mooc.house.hsrv.mapper.HouseMapper.selectHouseCount:] [683f4f7147234bc7,244c5432f7f53f8d] - <==      Total: 1
2020-02-16 16:22:24.415  [http-nio-8084-exec-6] DEBUG [com.mooc.house.hsrv.mapper.HouseMapper.selectHouse:] [683f4f7147234bc7,e2f578008f22ec2d] - ==>  Preparing: select a.id , a.type, a.name, a.price, a.images , a.area , a.beds , a.baths , a.rating , a.remarks , a.properties , a.floor_plan , a.tags , a.create_time , a.city_id , a.community_id , a.address, a.state, b.user_id from house a inner join ( select house_id,user_id from house_user WHERE type = 1 ) b on a.id = b.house_id WHERE state = 1 and id in ( ? , ? ) order by a.create_time desc limit ?, ? 
2020-02-16 16:22:24.416  [http-nio-8084-exec-6] DEBUG [com.mooc.house.hsrv.mapper.HouseMapper.selectHouse:] [683f4f7147234bc7,e2f578008f22ec2d] - ==> Parameters: 1(Long), 3(Long), 0(Integer), 3(Integer)
2020-02-16 16:22:24.419  [http-nio-8084-exec-6] DEBUG [com.mooc.house.hsrv.mapper.HouseMapper.selectHouse:] [683f4f7147234bc7,e2f578008f22ec2d] - <==      Total: 1
2020-02-16 16:22:29.821  [http-nio-8084-exec-5] DEBUG [com.mooc.house.hsrv.mapper.HouseMapper.selectHouse:] [50e39b651780aba6,c300293ef3232c98] - ==>  Preparing: select a.id , a.type, a.name, a.price, a.images , a.area , a.beds , a.baths , a.rating , a.remarks , a.properties , a.floor_plan , a.tags , a.create_time , a.city_id , a.community_id , a.address, a.state, b.user_id from house a inner join ( select house_id,user_id from house_user WHERE type = 1 ) b on a.id = b.house_id WHERE state = 1 and a.id = ? order by a.create_time desc limit ?, ? 
2020-02-16 16:22:29.822  [http-nio-8084-exec-5] DEBUG [com.mooc.house.hsrv.mapper.HouseMapper.selectHouse:] [50e39b651780aba6,c300293ef3232c98] - ==> Parameters: 2(Long), 0(Integer), 1(Integer)
2020-02-16 16:22:29.823  [http-nio-8084-exec-5] DEBUG [com.mooc.house.hsrv.mapper.HouseMapper.selectHouse:] [50e39b651780aba6,c300293ef3232c98] - <==      Total: 1
2020-02-16 16:22:31.111  [http-nio-8084-exec-4] DEBUG [com.mooc.house.hsrv.mapper.HouseMapper.selectHouse:] [50e39b651780aba6,06e9624510111246] - ==>  Preparing: select a.id , a.type, a.name, a.price, a.images , a.area , a.beds , a.baths , a.rating , a.remarks , a.properties , a.floor_plan , a.tags , a.create_time , a.city_id , a.community_id , a.address, a.state, b.user_id from house a inner join ( select house_id,user_id from house_user WHERE type = 1 ) b on a.id = b.house_id WHERE state = 1 and id in ( ? , ? , ? ) order by a.create_time desc limit ?, ? 
2020-02-16 16:22:31.112  [http-nio-8084-exec-4] DEBUG [com.mooc.house.hsrv.mapper.HouseMapper.selectHouse:] [50e39b651780aba6,06e9624510111246] - ==> Parameters: 1(Long), 3(Long), 2(Long), 0(Integer), 3(Integer)
2020-02-16 16:22:31.115  [http-nio-8084-exec-4] DEBUG [com.mooc.house.hsrv.mapper.HouseMapper.selectHouse:] [50e39b651780aba6,06e9624510111246] - <==      Total: 2
2020-02-16 16:23:50.179  [http-nio-8084-exec-1] DEBUG [com.mooc.house.hsrv.mapper.HouseMapper.selectHouse:] [86ef76f764d65f53,3bfc10b2513fc466] - ==>  Preparing: select a.id , a.type, a.name, a.price, a.images , a.area , a.beds , a.baths , a.rating , a.remarks , a.properties , a.floor_plan , a.tags , a.create_time , a.city_id , a.community_id , a.address, a.state, b.user_id from house a inner join ( select house_id,user_id from house_user WHERE type = 1 ) b on a.id = b.house_id WHERE state = 1 and a.type = ? order by a.create_time desc limit ?, ? 
2020-02-16 16:23:50.180  [http-nio-8084-exec-1] DEBUG [com.mooc.house.hsrv.mapper.HouseMapper.selectHouse:] [86ef76f764d65f53,3bfc10b2513fc466] - ==> Parameters: 2(Integer), 0(Integer), 2(Integer)
2020-02-16 16:23:50.182  [http-nio-8084-exec-1] DEBUG [com.mooc.house.hsrv.mapper.HouseMapper.selectHouse:] [86ef76f764d65f53,3bfc10b2513fc466] - <==      Total: 1
2020-02-16 16:23:50.183  [http-nio-8084-exec-1] DEBUG [com.mooc.house.hsrv.mapper.HouseMapper.selectHouseCount:] [86ef76f764d65f53,3bfc10b2513fc466] - ==>  Preparing: select count(id) from house a inner join ( select house_id,user_id from house_user WHERE type = 1 ) b on a.id = b.house_id WHERE state = 1 and a.type = ? 
2020-02-16 16:23:50.183  [http-nio-8084-exec-1] DEBUG [com.mooc.house.hsrv.mapper.HouseMapper.selectHouseCount:] [86ef76f764d65f53,3bfc10b2513fc466] - ==> Parameters: 2(Integer)
2020-02-16 16:23:50.185  [http-nio-8084-exec-1] DEBUG [com.mooc.house.hsrv.mapper.HouseMapper.selectHouseCount:] [86ef76f764d65f53,3bfc10b2513fc466] - <==      Total: 1
2020-02-16 16:23:50.736  [http-nio-8084-exec-1] DEBUG [com.mooc.house.hsrv.mapper.HouseMapper.selectHouse:] [86ef76f764d65f53,abb2f1c5a0a10439] - ==>  Preparing: select a.id , a.type, a.name, a.price, a.images , a.area , a.beds , a.baths , a.rating , a.remarks , a.properties , a.floor_plan , a.tags , a.create_time , a.city_id , a.community_id , a.address, a.state, b.user_id from house a inner join ( select house_id,user_id from house_user WHERE type = 1 ) b on a.id = b.house_id WHERE state = 1 and id in ( ? , ? , ? ) order by a.create_time desc limit ?, ? 
2020-02-16 16:23:50.737  [http-nio-8084-exec-1] DEBUG [com.mooc.house.hsrv.mapper.HouseMapper.selectHouse:] [86ef76f764d65f53,abb2f1c5a0a10439] - ==> Parameters: 1(Long), 3(Long), 2(Long), 0(Integer), 3(Integer)
2020-02-16 16:23:50.739  [http-nio-8084-exec-1] DEBUG [com.mooc.house.hsrv.mapper.HouseMapper.selectHouse:] [86ef76f764d65f53,abb2f1c5a0a10439] - <==      Total: 2
2020-02-16 16:24:00.535  [http-nio-8084-exec-10] DEBUG [com.mooc.house.hsrv.mapper.HouseMapper.selectHouse:] [169797e2878a22b7,d37672588eac7924] - ==>  Preparing: select a.id , a.type, a.name, a.price, a.images , a.area , a.beds , a.baths , a.rating , a.remarks , a.properties , a.floor_plan , a.tags , a.create_time , a.city_id , a.community_id , a.address, a.state, b.user_id from house a inner join ( select house_id,user_id from house_user WHERE type = 1 ) b on a.id = b.house_id WHERE state = 1 and a.id = ? order by a.create_time desc limit ?, ? 
2020-02-16 16:24:00.536  [http-nio-8084-exec-10] DEBUG [com.mooc.house.hsrv.mapper.HouseMapper.selectHouse:] [169797e2878a22b7,d37672588eac7924] - ==> Parameters: 3(Long), 0(Integer), 1(Integer)
2020-02-16 16:24:00.538  [http-nio-8084-exec-10] DEBUG [com.mooc.house.hsrv.mapper.HouseMapper.selectHouse:] [169797e2878a22b7,d37672588eac7924] - <==      Total: 1
2020-02-16 16:24:01.923  [http-nio-8084-exec-9] DEBUG [com.mooc.house.hsrv.mapper.HouseMapper.selectHouse:] [169797e2878a22b7,ad6876e4d84cf48b] - ==>  Preparing: select a.id , a.type, a.name, a.price, a.images , a.area , a.beds , a.baths , a.rating , a.remarks , a.properties , a.floor_plan , a.tags , a.create_time , a.city_id , a.community_id , a.address, a.state, b.user_id from house a inner join ( select house_id,user_id from house_user WHERE type = 1 ) b on a.id = b.house_id WHERE state = 1 and id in ( ? , ? , ? ) order by a.create_time desc limit ?, ? 
2020-02-16 16:24:01.925  [http-nio-8084-exec-9] DEBUG [com.mooc.house.hsrv.mapper.HouseMapper.selectHouse:] [169797e2878a22b7,ad6876e4d84cf48b] - ==> Parameters: 1(Long), 3(Long), 2(Long), 0(Integer), 3(Integer)
2020-02-16 16:24:01.927  [http-nio-8084-exec-9] DEBUG [com.mooc.house.hsrv.mapper.HouseMapper.selectHouse:] [169797e2878a22b7,ad6876e4d84cf48b] - <==      Total: 2
2020-02-16 16:26:13.747  [http-nio-8084-exec-7] DEBUG [com.mooc.house.hsrv.mapper.HouseMapper.selectHouse:] [f97e084707c7455c,263137d7c6f2d8d2] - ==>  Preparing: select a.id , a.type, a.name, a.price, a.images , a.area , a.beds , a.baths , a.rating , a.remarks , a.properties , a.floor_plan , a.tags , a.create_time , a.city_id , a.community_id , a.address, a.state, b.user_id from house a inner join ( select house_id,user_id from house_user WHERE type = 1 ) b on a.id = b.house_id WHERE state = 1 and a.id = ? order by a.create_time desc limit ?, ? 
2020-02-16 16:26:13.748  [http-nio-8084-exec-7] DEBUG [com.mooc.house.hsrv.mapper.HouseMapper.selectHouse:] [f97e084707c7455c,263137d7c6f2d8d2] - ==> Parameters: 3(Long), 0(Integer), 1(Integer)
2020-02-16 16:26:13.750  [http-nio-8084-exec-7] DEBUG [com.mooc.house.hsrv.mapper.HouseMapper.selectHouse:] [f97e084707c7455c,263137d7c6f2d8d2] - <==      Total: 1
2020-02-16 16:26:13.750  [http-nio-8084-exec-7] DEBUG [com.mooc.house.hsrv.mapper.HouseMapper.updateHouse:] [f97e084707c7455c,263137d7c6f2d8d2] - ==>  Preparing: update house set rating = ? where id = ? 
2020-02-16 16:26:13.751  [http-nio-8084-exec-7] DEBUG [com.mooc.house.hsrv.mapper.HouseMapper.updateHouse:] [f97e084707c7455c,263137d7c6f2d8d2] - ==> Parameters: 4.0(Double), 3(Long)
2020-02-16 16:26:13.753  [http-nio-8084-exec-7] DEBUG [com.mooc.house.hsrv.mapper.HouseMapper.updateHouse:] [f97e084707c7455c,263137d7c6f2d8d2] - <==    Updates: 1
2020-02-16 16:26:30.169  [http-nio-8084-exec-6] DEBUG [com.mooc.house.hsrv.mapper.HouseMapper.selectHouse:] [1fc92235b045ebfa,01998d26d373f097] - ==>  Preparing: select a.id , a.type, a.name, a.price, a.images , a.area , a.beds , a.baths , a.rating , a.remarks , a.properties , a.floor_plan , a.tags , a.create_time , a.city_id , a.community_id , a.address, a.state, b.user_id from house a inner join ( select house_id,user_id from house_user WHERE type = 1 ) b on a.id = b.house_id WHERE state = 1 and a.id = ? order by a.create_time desc limit ?, ? 
2020-02-16 16:26:30.169  [http-nio-8084-exec-6] DEBUG [com.mooc.house.hsrv.mapper.HouseMapper.selectHouse:] [1fc92235b045ebfa,01998d26d373f097] - ==> Parameters: 3(Long), 0(Integer), 1(Integer)
2020-02-16 16:26:30.171  [http-nio-8084-exec-6] DEBUG [com.mooc.house.hsrv.mapper.HouseMapper.selectHouse:] [1fc92235b045ebfa,01998d26d373f097] - <==      Total: 1
2020-02-16 16:26:33.149  [http-nio-8084-exec-5] DEBUG [com.mooc.house.hsrv.mapper.HouseMapper.selectHouse:] [1fc92235b045ebfa,fc7c2972f1a9f42d] - ==>  Preparing: select a.id , a.type, a.name, a.price, a.images , a.area , a.beds , a.baths , a.rating , a.remarks , a.properties , a.floor_plan , a.tags , a.create_time , a.city_id , a.community_id , a.address, a.state, b.user_id from house a inner join ( select house_id,user_id from house_user WHERE type = 1 ) b on a.id = b.house_id WHERE state = 1 and id in ( ? , ? , ? ) order by a.create_time desc limit ?, ? 
2020-02-16 16:26:33.149  [http-nio-8084-exec-5] DEBUG [com.mooc.house.hsrv.mapper.HouseMapper.selectHouse:] [1fc92235b045ebfa,fc7c2972f1a9f42d] - ==> Parameters: 1(Long), 3(Long), 2(Long), 0(Integer), 3(Integer)
2020-02-16 16:26:33.151  [http-nio-8084-exec-5] DEBUG [com.mooc.house.hsrv.mapper.HouseMapper.selectHouse:] [1fc92235b045ebfa,fc7c2972f1a9f42d] - <==      Total: 2
2020-02-16 16:27:31.248  [http-nio-8084-exec-4] DEBUG [com.mooc.house.hsrv.mapper.HouseMapper.selectHouse:] [f7c1f2883c796f35,bc1d0bf342051fe4] - ==>  Preparing: select a.id , a.type, a.name, a.price, a.images , a.area , a.beds , a.baths , a.rating , a.remarks , a.properties , a.floor_plan , a.tags , a.create_time , a.city_id , a.community_id , a.address, a.state, b.user_id from house a inner join ( select house_id,user_id from house_user WHERE type = 1 ) b on a.id = b.house_id WHERE state = 1 order by a.create_time desc limit ?, ? 
2020-02-16 16:27:31.248  [http-nio-8084-exec-4] DEBUG [com.mooc.house.hsrv.mapper.HouseMapper.selectHouse:] [f7c1f2883c796f35,bc1d0bf342051fe4] - ==> Parameters: 0(Integer), 8(Integer)
2020-02-16 16:27:31.253  [http-nio-8084-exec-4] DEBUG [com.mooc.house.hsrv.mapper.HouseMapper.selectHouse:] [f7c1f2883c796f35,bc1d0bf342051fe4] - <==      Total: 2
2020-02-16 16:33:15.657  [http-nio-8084-exec-2] DEBUG [com.mooc.house.hsrv.mapper.HouseMapper.selectHouse:] [96f993578f229f28,ea9017f12f80dc97] - ==>  Preparing: select a.id , a.type, a.name, a.price, a.images , a.area , a.beds , a.baths , a.rating , a.remarks , a.properties , a.floor_plan , a.tags , a.create_time , a.city_id , a.community_id , a.address, a.state, b.user_id from house a inner join ( select house_id,user_id from house_user WHERE type = 1 ) b on a.id = b.house_id WHERE state = 1 order by a.create_time desc limit ?, ? 
2020-02-16 16:33:15.657  [http-nio-8084-exec-2] DEBUG [com.mooc.house.hsrv.mapper.HouseMapper.selectHouse:] [96f993578f229f28,ea9017f12f80dc97] - ==> Parameters: 0(Integer), 8(Integer)
2020-02-16 16:33:15.659  [http-nio-8084-exec-2] DEBUG [com.mooc.house.hsrv.mapper.HouseMapper.selectHouse:] [96f993578f229f28,ea9017f12f80dc97] - <==      Total: 2
2020-02-16 16:34:04.383  [http-nio-8084-exec-1] DEBUG [com.mooc.house.hsrv.mapper.HouseMapper.selectHouse:] [72fb7bb849885ec6,055c2c62f3a7b120] - ==>  Preparing: select a.id , a.type, a.name, a.price, a.images , a.area , a.beds , a.baths , a.rating , a.remarks , a.properties , a.floor_plan , a.tags , a.create_time , a.city_id , a.community_id , a.address, a.state, b.user_id from house a inner join ( select house_id,user_id from house_user WHERE type = 1 ) b on a.id = b.house_id WHERE state = 1 order by a.create_time desc limit ?, ? 
2020-02-16 16:34:04.385  [http-nio-8084-exec-1] DEBUG [com.mooc.house.hsrv.mapper.HouseMapper.selectHouse:] [72fb7bb849885ec6,055c2c62f3a7b120] - ==> Parameters: 0(Integer), 8(Integer)
2020-02-16 16:34:04.386  [http-nio-8084-exec-1] DEBUG [com.mooc.house.hsrv.mapper.HouseMapper.selectHouse:] [72fb7bb849885ec6,055c2c62f3a7b120] - <==      Total: 2
2020-02-16 16:34:16.932  [http-nio-8084-exec-10] DEBUG [com.mooc.house.hsrv.mapper.HouseMapper.selectHouse:] [924e7181351dd381,7dcc786d98cb3502] - ==>  Preparing: select a.id , a.type, a.name, a.price, a.images , a.area , a.beds , a.baths , a.rating , a.remarks , a.properties , a.floor_plan , a.tags , a.create_time , a.city_id , a.community_id , a.address, a.state, b.user_id from house a inner join ( select house_id,user_id from house_user WHERE type = 1 ) b on a.id = b.house_id WHERE state = 1 and id in ( ? , ? , ? ) order by a.create_time desc limit ?, ? 
2020-02-16 16:34:16.934  [http-nio-8084-exec-10] DEBUG [com.mooc.house.hsrv.mapper.HouseMapper.selectHouse:] [924e7181351dd381,7dcc786d98cb3502] - ==> Parameters: 1(Long), 3(Long), 2(Long), 0(Integer), 3(Integer)
2020-02-16 16:34:16.940  [http-nio-8084-exec-10] DEBUG [com.mooc.house.hsrv.mapper.HouseMapper.selectHouse:] [924e7181351dd381,7dcc786d98cb3502] - <==      Total: 2
2020-02-16 16:34:22.962  [http-nio-8084-exec-9] DEBUG [com.mooc.house.hsrv.mapper.HouseMapper.selectHouse:] [7f03c7b27c403eec,f009c010ed1c98bb] - ==>  Preparing: select a.id , a.type, a.name, a.price, a.images , a.area , a.beds , a.baths , a.rating , a.remarks , a.properties , a.floor_plan , a.tags , a.create_time , a.city_id , a.community_id , a.address, a.state, b.user_id from house a inner join ( select house_id,user_id from house_user WHERE type = 1 ) b on a.id = b.house_id WHERE state = 1 and id in ( ? , ? , ? ) order by a.create_time desc limit ?, ? 
2020-02-16 16:34:22.962  [http-nio-8084-exec-9] DEBUG [com.mooc.house.hsrv.mapper.HouseMapper.selectHouse:] [7f03c7b27c403eec,f009c010ed1c98bb] - ==> Parameters: 1(Long), 3(Long), 2(Long), 0(Integer), 3(Integer)
2020-02-16 16:34:22.965  [http-nio-8084-exec-9] DEBUG [com.mooc.house.hsrv.mapper.HouseMapper.selectHouse:] [7f03c7b27c403eec,f009c010ed1c98bb] - <==      Total: 2
2020-02-16 16:34:23.452  [http-nio-8084-exec-9] DEBUG [com.mooc.house.hsrv.mapper.HouseMapper.selectHouse:] [7f03c7b27c403eec,03045f6f29e39f08] - ==>  Preparing: select a.id , a.type, a.name, a.price, a.images , a.area , a.beds , a.baths , a.rating , a.remarks , a.properties , a.floor_plan , a.tags , a.create_time , a.city_id , a.community_id , a.address, a.state, b.user_id from house a inner join ( select house_id,user_id from house_user WHERE user_id = ? and type = 1 ) b on a.id = b.house_id WHERE state = 1 order by a.create_time desc limit ?, ? 
2020-02-16 16:34:23.452  [http-nio-8084-exec-9] DEBUG [com.mooc.house.hsrv.mapper.HouseMapper.selectHouse:] [7f03c7b27c403eec,03045f6f29e39f08] - ==> Parameters: 4(Long), 0(Integer), 3(Integer)
2020-02-16 16:34:23.454  [http-nio-8084-exec-9] DEBUG [com.mooc.house.hsrv.mapper.HouseMapper.selectHouse:] [7f03c7b27c403eec,03045f6f29e39f08] - <==      Total: 0
2020-02-16 16:34:23.454  [http-nio-8084-exec-9] DEBUG [com.mooc.house.hsrv.mapper.HouseMapper.selectHouseCount:] [7f03c7b27c403eec,03045f6f29e39f08] - ==>  Preparing: select count(id) from house a inner join ( select house_id,user_id from house_user WHERE user_id = ? and type = 1 ) b on a.id = b.house_id WHERE state = 1 
2020-02-16 16:34:23.455  [http-nio-8084-exec-9] DEBUG [com.mooc.house.hsrv.mapper.HouseMapper.selectHouseCount:] [7f03c7b27c403eec,03045f6f29e39f08] - ==> Parameters: 4(Long)
2020-02-16 16:34:23.456  [http-nio-8084-exec-9] DEBUG [com.mooc.house.hsrv.mapper.HouseMapper.selectHouseCount:] [7f03c7b27c403eec,03045f6f29e39f08] - <==      Total: 1
2020-02-16 16:34:56.529  [http-nio-8084-exec-8] DEBUG [com.mooc.house.hsrv.mapper.HouseMapper.selectHouse:] [5ccb2d5acb3b1277,ef2e5d217ac2db86] - ==>  Preparing: select a.id , a.type, a.name, a.price, a.images , a.area , a.beds , a.baths , a.rating , a.remarks , a.properties , a.floor_plan , a.tags , a.create_time , a.city_id , a.community_id , a.address, a.state, b.user_id from house a inner join ( select house_id,user_id from house_user WHERE type = 1 ) b on a.id = b.house_id WHERE state = 1 and id in ( ? , ? , ? ) order by a.create_time desc limit ?, ? 
2020-02-16 16:34:56.530  [http-nio-8084-exec-8] DEBUG [com.mooc.house.hsrv.mapper.HouseMapper.selectHouse:] [5ccb2d5acb3b1277,ef2e5d217ac2db86] - ==> Parameters: 1(Long), 3(Long), 2(Long), 0(Integer), 3(Integer)
2020-02-16 16:34:56.531  [http-nio-8084-exec-8] DEBUG [com.mooc.house.hsrv.mapper.HouseMapper.selectHouse:] [5ccb2d5acb3b1277,ef2e5d217ac2db86] - <==      Total: 2
2020-02-16 16:34:57.050  [http-nio-8084-exec-7] DEBUG [com.mooc.house.hsrv.mapper.HouseMapper.selectHouse:] [5ccb2d5acb3b1277,43bc4a7e23a00e6f] - ==>  Preparing: select a.id , a.type, a.name, a.price, a.images , a.area , a.beds , a.baths , a.rating , a.remarks , a.properties , a.floor_plan , a.tags , a.create_time , a.city_id , a.community_id , a.address, a.state, b.user_id from house a inner join ( select house_id,user_id from house_user WHERE user_id = ? and type = 1 ) b on a.id = b.house_id WHERE state = 1 order by a.create_time desc limit ?, ? 
2020-02-16 16:34:57.050  [http-nio-8084-exec-7] DEBUG [com.mooc.house.hsrv.mapper.HouseMapper.selectHouse:] [5ccb2d5acb3b1277,43bc4a7e23a00e6f] - ==> Parameters: 4(Long), 0(Integer), 3(Integer)
2020-02-16 16:34:57.051  [http-nio-8084-exec-7] DEBUG [com.mooc.house.hsrv.mapper.HouseMapper.selectHouse:] [5ccb2d5acb3b1277,43bc4a7e23a00e6f] - <==      Total: 0
2020-02-16 16:34:57.052  [http-nio-8084-exec-7] DEBUG [com.mooc.house.hsrv.mapper.HouseMapper.selectHouseCount:] [5ccb2d5acb3b1277,43bc4a7e23a00e6f] - ==>  Preparing: select count(id) from house a inner join ( select house_id,user_id from house_user WHERE user_id = ? and type = 1 ) b on a.id = b.house_id WHERE state = 1 
2020-02-16 16:34:57.052  [http-nio-8084-exec-7] DEBUG [com.mooc.house.hsrv.mapper.HouseMapper.selectHouseCount:] [5ccb2d5acb3b1277,43bc4a7e23a00e6f] - ==> Parameters: 4(Long)
2020-02-16 16:34:57.056  [http-nio-8084-exec-7] DEBUG [com.mooc.house.hsrv.mapper.HouseMapper.selectHouseCount:] [5ccb2d5acb3b1277,43bc4a7e23a00e6f] - <==      Total: 1
2020-02-16 16:35:20.652  [http-nio-8084-exec-6] DEBUG [com.mooc.house.hsrv.mapper.HouseMapper.selectHouse:] [31579cc530871d3a,d314357f81e4b2ea] - ==>  Preparing: select a.id , a.type, a.name, a.price, a.images , a.area , a.beds , a.baths , a.rating , a.remarks , a.properties , a.floor_plan , a.tags , a.create_time , a.city_id , a.community_id , a.address, a.state, b.user_id from house a inner join ( select house_id,user_id from house_user WHERE type = 1 ) b on a.id = b.house_id WHERE state = 1 and id in ( ? , ? , ? ) order by a.create_time desc limit ?, ? 
2020-02-16 16:35:20.653  [http-nio-8084-exec-6] DEBUG [com.mooc.house.hsrv.mapper.HouseMapper.selectHouse:] [31579cc530871d3a,d314357f81e4b2ea] - ==> Parameters: 1(Long), 3(Long), 2(Long), 0(Integer), 3(Integer)
2020-02-16 16:35:20.654  [http-nio-8084-exec-6] DEBUG [com.mooc.house.hsrv.mapper.HouseMapper.selectHouse:] [31579cc530871d3a,d314357f81e4b2ea] - <==      Total: 2
2020-02-16 16:35:21.158  [http-nio-8084-exec-6] DEBUG [com.mooc.house.hsrv.mapper.HouseMapper.selectHouse:] [31579cc530871d3a,21e80f80b6ddecb5] - ==>  Preparing: select a.id , a.type, a.name, a.price, a.images , a.area , a.beds , a.baths , a.rating , a.remarks , a.properties , a.floor_plan , a.tags , a.create_time , a.city_id , a.community_id , a.address, a.state, b.user_id from house a inner join ( select house_id,user_id from house_user WHERE user_id = ? and type = 1 ) b on a.id = b.house_id WHERE state = 1 order by a.create_time desc limit ?, ? 
2020-02-16 16:35:21.159  [http-nio-8084-exec-6] DEBUG [com.mooc.house.hsrv.mapper.HouseMapper.selectHouse:] [31579cc530871d3a,21e80f80b6ddecb5] - ==> Parameters: 4(Long), 0(Integer), 3(Integer)
2020-02-16 16:35:21.163  [http-nio-8084-exec-6] DEBUG [com.mooc.house.hsrv.mapper.HouseMapper.selectHouse:] [31579cc530871d3a,21e80f80b6ddecb5] - <==      Total: 0
2020-02-16 16:35:21.164  [http-nio-8084-exec-6] DEBUG [com.mooc.house.hsrv.mapper.HouseMapper.selectHouseCount:] [31579cc530871d3a,21e80f80b6ddecb5] - ==>  Preparing: select count(id) from house a inner join ( select house_id,user_id from house_user WHERE user_id = ? and type = 1 ) b on a.id = b.house_id WHERE state = 1 
2020-02-16 16:35:21.165  [http-nio-8084-exec-6] DEBUG [com.mooc.house.hsrv.mapper.HouseMapper.selectHouseCount:] [31579cc530871d3a,21e80f80b6ddecb5] - ==> Parameters: 4(Long)
2020-02-16 16:35:21.165  [http-nio-8084-exec-6] DEBUG [com.mooc.house.hsrv.mapper.HouseMapper.selectHouseCount:] [31579cc530871d3a,21e80f80b6ddecb5] - <==      Total: 1
2020-02-16 16:36:04.201  [http-nio-8084-exec-5] DEBUG [com.mooc.house.hsrv.mapper.CityMapper.selectCitys:] [e9b15be47facacd1,5c218ff57df5a4f7] - ==>  Preparing: select id , city_name, city_code from city 
2020-02-16 16:36:04.202  [http-nio-8084-exec-5] DEBUG [com.mooc.house.hsrv.mapper.CityMapper.selectCitys:] [e9b15be47facacd1,5c218ff57df5a4f7] - ==> Parameters: 
2020-02-16 16:36:04.202  [http-nio-8084-exec-5] DEBUG [com.mooc.house.hsrv.mapper.CityMapper.selectCitys:] [e9b15be47facacd1,5c218ff57df5a4f7] - <==      Total: 2
2020-02-16 16:36:04.690  [http-nio-8084-exec-5] DEBUG [com.mooc.house.hsrv.mapper.HouseMapper.selectCommunity:] [e9b15be47facacd1,47208794897c079c] - ==>  Preparing: select id , city_code, name, city_name from community 
2020-02-16 16:36:04.690  [http-nio-8084-exec-5] DEBUG [com.mooc.house.hsrv.mapper.HouseMapper.selectCommunity:] [e9b15be47facacd1,47208794897c079c] - ==> Parameters: 
2020-02-16 16:36:04.691  [http-nio-8084-exec-5] DEBUG [com.mooc.house.hsrv.mapper.HouseMapper.selectCommunity:] [e9b15be47facacd1,47208794897c079c] - <==      Total: 2
2020-02-16 16:36:09.481  [http-nio-8084-exec-4] DEBUG [com.mooc.house.hsrv.mapper.HouseMapper.selectHouse:] [19de61868b14be16,b62a5d6e4f0169d7] - ==>  Preparing: select a.id , a.type, a.name, a.price, a.images , a.area , a.beds , a.baths , a.rating , a.remarks , a.properties , a.floor_plan , a.tags , a.create_time , a.city_id , a.community_id , a.address, a.state, b.user_id from house a inner join ( select house_id,user_id from house_user WHERE type = 1 ) b on a.id = b.house_id WHERE state = 1 and id in ( ? , ? , ? ) order by a.create_time desc limit ?, ? 
2020-02-16 16:36:09.482  [http-nio-8084-exec-4] DEBUG [com.mooc.house.hsrv.mapper.HouseMapper.selectHouse:] [19de61868b14be16,b62a5d6e4f0169d7] - ==> Parameters: 1(Long), 3(Long), 2(Long), 0(Integer), 3(Integer)
2020-02-16 16:36:09.484  [http-nio-8084-exec-4] DEBUG [com.mooc.house.hsrv.mapper.HouseMapper.selectHouse:] [19de61868b14be16,b62a5d6e4f0169d7] - <==      Total: 2
