2020-02-16 15:18:14.729  [http-nio-8084-exec-10] DEBUG [com.mooc.house.hsrv.mapper.HouseMapper.selectHouse:] [bb5741730ceed80d,f408296d8acd7137] - ==>  Preparing: select a.id , a.type, a.name, a.price, a.images , a.area , a.beds , a.baths , a.rating , a.remarks , a.properties , a.floor_plan , a.tags , a.create_time , a.city_id , a.community_id , a.address, a.state, b.user_id from house a inner join ( select house_id,user_id from house_user WHERE type = 1 ) b on a.id = b.house_id WHERE state = 1 order by a.create_time desc limit ?, ? 
2020-02-16 15:18:14.777  [http-nio-8084-exec-10] DEBUG [com.mooc.house.hsrv.mapper.HouseMapper.selectHouse:] [bb5741730ceed80d,f408296d8acd7137] - ==> Parameters: 0(Integer), 8(Integer)
2020-02-16 15:18:14.898  [http-nio-8084-exec-10] DEBUG [com.mooc.house.hsrv.mapper.HouseMapper.selectHouse:] [bb5741730ceed80d,f408296d8acd7137] - <==      Total: 1
2020-02-16 15:34:23.795  [http-nio-8084-exec-8] DEBUG [com.mooc.house.hsrv.mapper.HouseMapper.selectHouse:] [d88de180a71fc269,d6a3bb547c9849a9] - ==>  Preparing: select a.id , a.type, a.name, a.price, a.images , a.area , a.beds , a.baths , a.rating , a.remarks , a.properties , a.floor_plan , a.tags , a.create_time , a.city_id , a.community_id , a.address, a.state, b.user_id from house a inner join ( select house_id,user_id from house_user WHERE type = 1 ) b on a.id = b.house_id WHERE state = 1 order by a.create_time desc limit ?, ? 
2020-02-16 15:34:23.796  [http-nio-8084-exec-8] DEBUG [com.mooc.house.hsrv.mapper.HouseMapper.selectHouse:] [d88de180a71fc269,d6a3bb547c9849a9] - ==> Parameters: 0(Integer), 8(Integer)
2020-02-16 15:34:23.798  [http-nio-8084-exec-8] DEBUG [com.mooc.house.hsrv.mapper.HouseMapper.selectHouse:] [d88de180a71fc269,d6a3bb547c9849a9] - <==      Total: 1
2020-02-16 15:34:46.862  [http-nio-8084-exec-7] DEBUG [com.mooc.house.hsrv.mapper.HouseMapper.selectHouse:] [0b7e8a1ad19997a3,5ad6c6e6b65a2001] - ==>  Preparing: select a.id , a.type, a.name, a.price, a.images , a.area , a.beds , a.baths , a.rating , a.remarks , a.properties , a.floor_plan , a.tags , a.create_time , a.city_id , a.community_id , a.address, a.state, b.user_id from house a inner join ( select house_id,user_id from house_user WHERE type = 1 ) b on a.id = b.house_id WHERE state = 1 order by a.create_time desc limit ?, ? 
2020-02-16 15:34:46.863  [http-nio-8084-exec-7] DEBUG [com.mooc.house.hsrv.mapper.HouseMapper.selectHouse:] [0b7e8a1ad19997a3,5ad6c6e6b65a2001] - ==> Parameters: 0(Integer), 8(Integer)
2020-02-16 15:34:46.865  [http-nio-8084-exec-7] DEBUG [com.mooc.house.hsrv.mapper.HouseMapper.selectHouse:] [0b7e8a1ad19997a3,5ad6c6e6b65a2001] - <==      Total: 1
2020-02-16 15:34:53.668  [http-nio-8084-exec-6] DEBUG [com.mooc.house.hsrv.mapper.HouseMapper.selectHouse:] [7146bbbf08aece22,a494722db5226db5] - ==>  Preparing: select a.id , a.type, a.name, a.price, a.images , a.area , a.beds , a.baths , a.rating , a.remarks , a.properties , a.floor_plan , a.tags , a.create_time , a.city_id , a.community_id , a.address, a.state, b.user_id from house a inner join ( select house_id,user_id from house_user WHERE type = 1 ) b on a.id = b.house_id WHERE state = 1 and id in ( ? ) order by a.create_time desc limit ?, ? 
2020-02-16 15:34:53.674  [http-nio-8084-exec-6] DEBUG [com.mooc.house.hsrv.mapper.HouseMapper.selectHouse:] [7146bbbf08aece22,a494722db5226db5] - ==> Parameters: 1(Long), 0(Integer), 3(Integer)
2020-02-16 15:34:53.677  [http-nio-8084-exec-6] DEBUG [com.mooc.house.hsrv.mapper.HouseMapper.selectHouse:] [7146bbbf08aece22,a494722db5226db5] - <==      Total: 1
2020-02-16 15:34:59.509  [http-nio-8084-exec-5] DEBUG [com.mooc.house.hsrv.mapper.HouseMapper.selectHouse:] [30eef688fed6a146,98e0bf7b83b84519] - ==>  Preparing: select a.id , a.type, a.name, a.price, a.images , a.area , a.beds , a.baths , a.rating , a.remarks , a.properties , a.floor_plan , a.tags , a.create_time , a.city_id , a.community_id , a.address, a.state, b.user_id from house a inner join ( select house_id,user_id from house_user WHERE type = 1 ) b on a.id = b.house_id WHERE state = 1 and id in ( ? ) order by a.create_time desc limit ?, ? 
2020-02-16 15:34:59.510  [http-nio-8084-exec-5] DEBUG [com.mooc.house.hsrv.mapper.HouseMapper.selectHouse:] [30eef688fed6a146,98e0bf7b83b84519] - ==> Parameters: 1(Long), 0(Integer), 3(Integer)
2020-02-16 15:34:59.513  [http-nio-8084-exec-5] DEBUG [com.mooc.house.hsrv.mapper.HouseMapper.selectHouse:] [30eef688fed6a146,98e0bf7b83b84519] - <==      Total: 1
2020-02-16 15:40:06.805  [http-nio-8084-exec-3] DEBUG [com.mooc.house.hsrv.mapper.HouseMapper.selectHouse:] [ea087a4fba4e867a,a0ee782e42032a37] - ==>  Preparing: select a.id , a.type, a.name, a.price, a.images , a.area , a.beds , a.baths , a.rating , a.remarks , a.properties , a.floor_plan , a.tags , a.create_time , a.city_id , a.community_id , a.address, a.state, b.user_id from house a inner join ( select house_id,user_id from house_user WHERE type = 1 ) b on a.id = b.house_id WHERE state = 1 and id in ( ? ) order by a.create_time desc limit ?, ? 
2020-02-16 15:40:06.807  [http-nio-8084-exec-3] DEBUG [com.mooc.house.hsrv.mapper.HouseMapper.selectHouse:] [ea087a4fba4e867a,a0ee782e42032a37] - ==> Parameters: 1(Long), 0(Integer), 3(Integer)
2020-02-16 15:40:06.810  [http-nio-8084-exec-3] DEBUG [com.mooc.house.hsrv.mapper.HouseMapper.selectHouse:] [ea087a4fba4e867a,a0ee782e42032a37] - <==      Total: 1
2020-02-16 15:40:09.753  [http-nio-8084-exec-2] DEBUG [com.mooc.house.hsrv.mapper.CityMapper.selectCitys:] [20bb967de05d0b45,420c426a67e8ec6e] - ==>  Preparing: select id , city_name, city_code from city 
2020-02-16 15:40:09.754  [http-nio-8084-exec-2] DEBUG [com.mooc.house.hsrv.mapper.CityMapper.selectCitys:] [20bb967de05d0b45,420c426a67e8ec6e] - ==> Parameters: 
2020-02-16 15:40:09.759  [http-nio-8084-exec-2] DEBUG [com.mooc.house.hsrv.mapper.CityMapper.selectCitys:] [20bb967de05d0b45,420c426a67e8ec6e] - <==      Total: 2
2020-02-16 15:40:10.235  [http-nio-8084-exec-1] DEBUG [com.mooc.house.hsrv.mapper.HouseMapper.selectCommunity:] [20bb967de05d0b45,921b11a4ecf3b03a] - ==>  Preparing: select id , city_code, name, city_name from community 
2020-02-16 15:40:10.236  [http-nio-8084-exec-1] DEBUG [com.mooc.house.hsrv.mapper.HouseMapper.selectCommunity:] [20bb967de05d0b45,921b11a4ecf3b03a] - ==> Parameters: 
2020-02-16 15:40:10.239  [http-nio-8084-exec-1] DEBUG [com.mooc.house.hsrv.mapper.HouseMapper.selectCommunity:] [20bb967de05d0b45,921b11a4ecf3b03a] - <==      Total: 2
2020-02-16 15:40:17.792  [http-nio-8084-exec-10] DEBUG [com.mooc.house.hsrv.mapper.HouseMapper.selectHouse:] [affe3e3a8d87e41e,a744365df3dd808e] - ==>  Preparing: select a.id , a.type, a.name, a.price, a.images , a.area , a.beds , a.baths , a.rating , a.remarks , a.properties , a.floor_plan , a.tags , a.create_time , a.city_id , a.community_id , a.address, a.state, b.user_id from house a inner join ( select house_id,user_id from house_user WHERE type = 1 ) b on a.id = b.house_id WHERE state = 1 and id in ( ? ) order by a.create_time desc limit ?, ? 
2020-02-16 15:40:17.793  [http-nio-8084-exec-10] DEBUG [com.mooc.house.hsrv.mapper.HouseMapper.selectHouse:] [affe3e3a8d87e41e,a744365df3dd808e] - ==> Parameters: 1(Long), 0(Integer), 3(Integer)
2020-02-16 15:40:17.796  [http-nio-8084-exec-10] DEBUG [com.mooc.house.hsrv.mapper.HouseMapper.selectHouse:] [affe3e3a8d87e41e,a744365df3dd808e] - <==      Total: 1
2020-02-16 15:40:26.170  [http-nio-8084-exec-9] DEBUG [com.mooc.house.hsrv.mapper.HouseMapper.selectHouse:] [6aba47e5a3250813,a43bcb5bdbb15728] - ==>  Preparing: select a.id , a.type, a.name, a.price, a.images , a.area , a.beds , a.baths , a.rating , a.remarks , a.properties , a.floor_plan , a.tags , a.create_time , a.city_id , a.community_id , a.address, a.state, b.user_id from house a inner join ( select house_id,user_id from house_user WHERE type = 1 ) b on a.id = b.house_id WHERE state = 1 order by a.create_time desc limit ?, ? 
2020-02-16 15:40:26.171  [http-nio-8084-exec-9] DEBUG [com.mooc.house.hsrv.mapper.HouseMapper.selectHouse:] [6aba47e5a3250813,a43bcb5bdbb15728] - ==> Parameters: 0(Integer), 8(Integer)
2020-02-16 15:40:26.174  [http-nio-8084-exec-9] DEBUG [com.mooc.house.hsrv.mapper.HouseMapper.selectHouse:] [6aba47e5a3250813,a43bcb5bdbb15728] - <==      Total: 1
2020-02-16 15:42:23.503  [http-nio-8084-exec-7] DEBUG [com.mooc.house.hsrv.mapper.HouseMapper.selectHouse:] [efad8b0e91ffe81b,fcdbea7c4440d3d6] - ==>  Preparing: select a.id , a.type, a.name, a.price, a.images , a.area , a.beds , a.baths , a.rating , a.remarks , a.properties , a.floor_plan , a.tags , a.create_time , a.city_id , a.community_id , a.address, a.state, b.user_id from house a inner join ( select house_id,user_id from house_user WHERE type = 1 ) b on a.id = b.house_id WHERE state = 1 order by a.create_time desc limit ?, ? 
2020-02-16 15:42:23.504  [http-nio-8084-exec-7] DEBUG [com.mooc.house.hsrv.mapper.HouseMapper.selectHouse:] [efad8b0e91ffe81b,fcdbea7c4440d3d6] - ==> Parameters: 0(Integer), 8(Integer)
2020-02-16 15:42:23.505  [http-nio-8084-exec-7] DEBUG [com.mooc.house.hsrv.mapper.HouseMapper.selectHouse:] [efad8b0e91ffe81b,fcdbea7c4440d3d6] - <==      Total: 1
2020-02-16 15:43:01.215  [http-nio-8084-exec-6] DEBUG [com.mooc.house.hsrv.mapper.HouseMapper.selectHouse:] [6abd0398a13797f8,d1978eb061e1a317] - ==>  Preparing: select a.id , a.type, a.name, a.price, a.images , a.area , a.beds , a.baths , a.rating , a.remarks , a.properties , a.floor_plan , a.tags , a.create_time , a.city_id , a.community_id , a.address, a.state, b.user_id from house a inner join ( select house_id,user_id from house_user WHERE user_id = ? and type = 1 ) b on a.id = b.house_id WHERE state = 1 order by a.create_time desc limit ?, ? 
2020-02-16 15:43:01.217  [http-nio-8084-exec-6] DEBUG [com.mooc.house.hsrv.mapper.HouseMapper.selectHouse:] [6abd0398a13797f8,d1978eb061e1a317] - ==> Parameters: 3(Long), 0(Integer), 2(Integer)
2020-02-16 15:43:01.219  [http-nio-8084-exec-6] DEBUG [com.mooc.house.hsrv.mapper.HouseMapper.selectHouse:] [6abd0398a13797f8,d1978eb061e1a317] - <==      Total: 1
2020-02-16 15:43:01.220  [http-nio-8084-exec-6] DEBUG [com.mooc.house.hsrv.mapper.HouseMapper.selectHouseCount:] [6abd0398a13797f8,d1978eb061e1a317] - ==>  Preparing: select count(id) from house a inner join ( select house_id,user_id from house_user WHERE user_id = ? and type = 1 ) b on a.id = b.house_id WHERE state = 1 
2020-02-16 15:43:01.225  [http-nio-8084-exec-6] DEBUG [com.mooc.house.hsrv.mapper.HouseMapper.selectHouseCount:] [6abd0398a13797f8,d1978eb061e1a317] - ==> Parameters: 3(Long)
2020-02-16 15:43:01.228  [http-nio-8084-exec-6] DEBUG [com.mooc.house.hsrv.mapper.HouseMapper.selectHouseCount:] [6abd0398a13797f8,d1978eb061e1a317] - <==      Total: 1
2020-02-16 15:43:05.070  [http-nio-8084-exec-5] DEBUG [com.mooc.house.hsrv.mapper.HouseMapper.selectHouse:] [5e4334100ba793dc,982869630edb2012] - ==>  Preparing: select a.id , a.type, a.name, a.price, a.images , a.area , a.beds , a.baths , a.rating , a.remarks , a.properties , a.floor_plan , a.tags , a.create_time , a.city_id , a.community_id , a.address, a.state, b.user_id from house a inner join ( select house_id,user_id from house_user WHERE user_id = ? and type = 2 ) b on a.id = b.house_id WHERE state = 1 order by a.create_time desc limit ?, ? 
2020-02-16 15:43:05.071  [http-nio-8084-exec-5] DEBUG [com.mooc.house.hsrv.mapper.HouseMapper.selectHouse:] [5e4334100ba793dc,982869630edb2012] - ==> Parameters: 3(Long), 0(Integer), 2(Integer)
2020-02-16 15:43:05.074  [http-nio-8084-exec-5] DEBUG [com.mooc.house.hsrv.mapper.HouseMapper.selectHouse:] [5e4334100ba793dc,982869630edb2012] - <==      Total: 0
2020-02-16 15:43:05.075  [http-nio-8084-exec-5] DEBUG [com.mooc.house.hsrv.mapper.HouseMapper.selectHouseCount:] [5e4334100ba793dc,982869630edb2012] - ==>  Preparing: select count(id) from house a inner join ( select house_id,user_id from house_user WHERE user_id = ? and type = 2 ) b on a.id = b.house_id WHERE state = 1 
2020-02-16 15:43:05.075  [http-nio-8084-exec-5] DEBUG [com.mooc.house.hsrv.mapper.HouseMapper.selectHouseCount:] [5e4334100ba793dc,982869630edb2012] - ==> Parameters: 3(Long)
2020-02-16 15:43:05.077  [http-nio-8084-exec-5] DEBUG [com.mooc.house.hsrv.mapper.HouseMapper.selectHouseCount:] [5e4334100ba793dc,982869630edb2012] - <==      Total: 1
2020-02-16 15:45:18.936  [http-nio-8084-exec-3] DEBUG [com.mooc.house.hsrv.mapper.HouseMapper.selectHouse:] [7a3a493999bd53b9,de31cadd8e15cd19] - ==>  Preparing: select a.id , a.type, a.name, a.price, a.images , a.area , a.beds , a.baths , a.rating , a.remarks , a.properties , a.floor_plan , a.tags , a.create_time , a.city_id , a.community_id , a.address, a.state, b.user_id from house a inner join ( select house_id,user_id from house_user WHERE type = 1 ) b on a.id = b.house_id WHERE state = 1 and id in ( ? ) order by a.create_time desc limit ?, ? 
2020-02-16 15:45:18.938  [http-nio-8084-exec-3] DEBUG [com.mooc.house.hsrv.mapper.HouseMapper.selectHouse:] [7a3a493999bd53b9,de31cadd8e15cd19] - ==> Parameters: 1(Long), 0(Integer), 3(Integer)
2020-02-16 15:45:18.941  [http-nio-8084-exec-3] DEBUG [com.mooc.house.hsrv.mapper.HouseMapper.selectHouse:] [7a3a493999bd53b9,de31cadd8e15cd19] - <==      Total: 1
