2020-02-16 16:15:45.816  [http-nio-8083-exec-1] DEBUG [com.mooc.house.user.mapper.UserMapper.select:] [0314ba0d02182f06,6b985d9667a08852] - ==>  Preparing: select id, name, phone, email, aboutme, passwd, avatar, type, create_time, enable, agency_id from user WHERE email = ? 
2020-02-16 16:15:45.819  [http-nio-8083-exec-1] DEBUG [com.mooc.house.user.mapper.UserMapper.select:] [0314ba0d02182f06,6b985d9667a08852] - ==> Parameters: 1165589811@qq.com(String)
2020-02-16 16:15:45.822  [http-nio-8083-exec-1] DEBUG [com.mooc.house.user.mapper.UserMapper.select:] [0314ba0d02182f06,6b985d9667a08852] - <==      Total: 1
2020-02-16 16:15:47.020  [http-nio-8083-exec-10] DEBUG [com.mooc.house.user.mapper.UserMapper.select:] [8bd400de090a5672,c55926057af58f47] - ==>  Preparing: select id, name, phone, email, aboutme, passwd, avatar, type, create_time, enable, agency_id from user WHERE email = ? 
2020-02-16 16:15:47.021  [http-nio-8083-exec-10] DEBUG [com.mooc.house.user.mapper.UserMapper.select:] [8bd400de090a5672,c55926057af58f47] - ==> Parameters: 1165589811@qq.com(String)
2020-02-16 16:15:47.022  [http-nio-8083-exec-10] DEBUG [com.mooc.house.user.mapper.UserMapper.select:] [8bd400de090a5672,c55926057af58f47] - <==      Total: 1
2020-02-16 16:15:56.656  [http-nio-8083-exec-9] DEBUG [com.mooc.house.user.mapper.UserMapper.select:] [230fe66ded644579,a2fac06d8ad90796] - ==>  Preparing: select id, name, phone, email, aboutme, passwd, avatar, type, create_time, enable, agency_id from user WHERE email = ? 
2020-02-16 16:15:56.657  [http-nio-8083-exec-9] DEBUG [com.mooc.house.user.mapper.UserMapper.select:] [230fe66ded644579,a2fac06d8ad90796] - ==> Parameters: 1165589811@qq.com(String)
2020-02-16 16:15:56.658  [http-nio-8083-exec-9] DEBUG [com.mooc.house.user.mapper.UserMapper.select:] [230fe66ded644579,a2fac06d8ad90796] - <==      Total: 1
2020-02-16 16:16:57.258  [http-nio-8083-exec-7] DEBUG [com.mooc.house.user.mapper.UserMapper.select:] [db504da4ec1ebc16,1b783eb796c4dbc3] - ==>  Preparing: select id, name, phone, email, aboutme, passwd, avatar, type, create_time, enable, agency_id from user WHERE email = ? 
2020-02-16 16:16:57.258  [http-nio-8083-exec-7] DEBUG [com.mooc.house.user.mapper.UserMapper.select:] [db504da4ec1ebc16,1b783eb796c4dbc3] - ==> Parameters: 1165589811@qq.com(String)
2020-02-16 16:16:57.260  [http-nio-8083-exec-7] DEBUG [com.mooc.house.user.mapper.UserMapper.select:] [db504da4ec1ebc16,1b783eb796c4dbc3] - <==      Total: 1
2020-02-16 16:16:59.073  [http-nio-8083-exec-6] DEBUG [com.mooc.house.user.mapper.UserMapper.select:] [0b74ca3ff3d09908,0238bc24198b07c6] - ==>  Preparing: select id, name, phone, email, aboutme, passwd, avatar, type, create_time, enable, agency_id from user WHERE email = ? 
2020-02-16 16:16:59.073  [http-nio-8083-exec-6] DEBUG [com.mooc.house.user.mapper.UserMapper.select:] [0b74ca3ff3d09908,0238bc24198b07c6] - ==> Parameters: 1165589811@qq.com(String)
2020-02-16 16:16:59.075  [http-nio-8083-exec-6] DEBUG [com.mooc.house.user.mapper.UserMapper.select:] [0b74ca3ff3d09908,0238bc24198b07c6] - <==      Total: 1
2020-02-16 16:17:12.374  [http-nio-8083-exec-5] DEBUG [com.mooc.house.user.mapper.UserMapper.select:] [661ea0d402d86508,106648429a880b11] - ==>  Preparing: select id, name, phone, email, aboutme, passwd, avatar, type, create_time, enable, agency_id from user WHERE email = ? 
2020-02-16 16:17:12.375  [http-nio-8083-exec-5] DEBUG [com.mooc.house.user.mapper.UserMapper.select:] [661ea0d402d86508,106648429a880b11] - ==> Parameters: 1165589811@qq.com(String)
2020-02-16 16:17:12.375  [http-nio-8083-exec-5] DEBUG [com.mooc.house.user.mapper.UserMapper.select:] [661ea0d402d86508,106648429a880b11] - <==      Total: 1
2020-02-16 16:17:15.471  [http-nio-8083-exec-4] DEBUG [com.mooc.house.user.mapper.UserMapper.select:] [c1d5de556dd31364,3b1d447358f5b803] - ==>  Preparing: select id, name, phone, email, aboutme, passwd, avatar, type, create_time, enable, agency_id from user WHERE email = ? 
2020-02-16 16:17:15.471  [http-nio-8083-exec-4] DEBUG [com.mooc.house.user.mapper.UserMapper.select:] [c1d5de556dd31364,3b1d447358f5b803] - ==> Parameters: 1165589811@qq.com(String)
2020-02-16 16:17:15.472  [http-nio-8083-exec-4] DEBUG [com.mooc.house.user.mapper.UserMapper.select:] [c1d5de556dd31364,3b1d447358f5b803] - <==      Total: 1
2020-02-16 16:17:23.496  [http-nio-8083-exec-3] DEBUG [com.mooc.house.user.mapper.UserMapper.select:] [6fcbae76b080358b,5b317418fbb19064] - ==>  Preparing: select id, name, phone, email, aboutme, passwd, avatar, type, create_time, enable, agency_id from user WHERE email = ? 
2020-02-16 16:17:23.496  [http-nio-8083-exec-3] DEBUG [com.mooc.house.user.mapper.UserMapper.select:] [6fcbae76b080358b,5b317418fbb19064] - ==> Parameters: 1165589811@qq.com(String)
2020-02-16 16:17:23.499  [http-nio-8083-exec-3] DEBUG [com.mooc.house.user.mapper.UserMapper.select:] [6fcbae76b080358b,5b317418fbb19064] - <==      Total: 1
2020-02-16 16:17:24.303  [http-nio-8083-exec-2] DEBUG [com.mooc.house.user.mapper.AgencyMapper.select:] [6fcbae76b080358b,1bd4a6138c36fba6] - ==>  Preparing: select id, name , address , phone , email , about_us , mobile , web_site from agency 
2020-02-16 16:17:24.303  [http-nio-8083-exec-2] DEBUG [com.mooc.house.user.mapper.AgencyMapper.select:] [6fcbae76b080358b,1bd4a6138c36fba6] - ==> Parameters: 
2020-02-16 16:17:24.304  [http-nio-8083-exec-2] DEBUG [com.mooc.house.user.mapper.AgencyMapper.select:] [6fcbae76b080358b,1bd4a6138c36fba6] - <==      Total: 0
2020-02-16 16:17:26.921  [http-nio-8083-exec-1] DEBUG [com.mooc.house.user.mapper.UserMapper.select:] [463de02f0e04af27,99a9d7fad21cc30f] - ==>  Preparing: select id, name, phone, email, aboutme, passwd, avatar, type, create_time, enable, agency_id from user WHERE email = ? 
2020-02-16 16:17:26.921  [http-nio-8083-exec-1] DEBUG [com.mooc.house.user.mapper.UserMapper.select:] [463de02f0e04af27,99a9d7fad21cc30f] - ==> Parameters: 1165589811@qq.com(String)
2020-02-16 16:17:26.922  [http-nio-8083-exec-1] DEBUG [com.mooc.house.user.mapper.UserMapper.select:] [463de02f0e04af27,99a9d7fad21cc30f] - <==      Total: 1
2020-02-16 16:17:31.250  [http-nio-8083-exec-10] DEBUG [com.mooc.house.user.mapper.UserMapper.select:] [1e2df2d0a34d5f70,8abcd2afae30314c] - ==>  Preparing: select id, name, phone, email, aboutme, passwd, avatar, type, create_time, enable, agency_id from user WHERE email = ? 
2020-02-16 16:17:31.250  [http-nio-8083-exec-10] DEBUG [com.mooc.house.user.mapper.UserMapper.select:] [1e2df2d0a34d5f70,8abcd2afae30314c] - ==> Parameters: 1165589811@qq.com(String)
2020-02-16 16:17:31.251  [http-nio-8083-exec-10] DEBUG [com.mooc.house.user.mapper.UserMapper.select:] [1e2df2d0a34d5f70,8abcd2afae30314c] - <==      Total: 1
2020-02-16 16:18:29.895  [http-nio-8083-exec-9] DEBUG [com.mooc.house.user.mapper.UserMapper.select:] [ad239b46d09f9cec,9b2949ceacfb64b3] - ==>  Preparing: select id, name, phone, email, aboutme, passwd, avatar, type, create_time, enable, agency_id from user WHERE email = ? 
2020-02-16 16:18:29.896  [http-nio-8083-exec-9] DEBUG [com.mooc.house.user.mapper.UserMapper.select:] [ad239b46d09f9cec,9b2949ceacfb64b3] - ==> Parameters: 1165589811@qq.com(String)
2020-02-16 16:18:29.898  [http-nio-8083-exec-9] DEBUG [com.mooc.house.user.mapper.UserMapper.select:] [ad239b46d09f9cec,9b2949ceacfb64b3] - <==      Total: 1
2020-02-16 16:18:32.086  [http-nio-8083-exec-8] DEBUG [com.mooc.house.user.mapper.UserMapper.select:] [4f136a4ee97e07ce,f501d4ee862551ef] - ==>  Preparing: select id, name, phone, email, aboutme, passwd, avatar, type, create_time, enable, agency_id from user WHERE email = ? 
2020-02-16 16:18:32.086  [http-nio-8083-exec-8] DEBUG [com.mooc.house.user.mapper.UserMapper.select:] [4f136a4ee97e07ce,f501d4ee862551ef] - ==> Parameters: 1165589811@qq.com(String)
2020-02-16 16:18:32.088  [http-nio-8083-exec-8] DEBUG [com.mooc.house.user.mapper.UserMapper.select:] [4f136a4ee97e07ce,f501d4ee862551ef] - <==      Total: 1
2020-02-16 16:18:35.192  [http-nio-8083-exec-7] DEBUG [com.mooc.house.user.mapper.UserMapper.select:] [864bd9a8bca53d96,57c1d670c65ffc96] - ==>  Preparing: select id, name, phone, email, aboutme, passwd, avatar, type, create_time, enable, agency_id from user WHERE email = ? 
2020-02-16 16:18:35.192  [http-nio-8083-exec-7] DEBUG [com.mooc.house.user.mapper.UserMapper.select:] [864bd9a8bca53d96,57c1d670c65ffc96] - ==> Parameters: 1165589811@qq.com(String)
2020-02-16 16:18:35.194  [http-nio-8083-exec-7] DEBUG [com.mooc.house.user.mapper.UserMapper.select:] [864bd9a8bca53d96,57c1d670c65ffc96] - <==      Total: 1
2020-02-16 16:19:44.410  [http-nio-8083-exec-5] DEBUG [com.mooc.house.user.mapper.UserMapper.select:] [446474d5d718385e,9105b98aa05d95ad] - ==>  Preparing: select id, name, phone, email, aboutme, passwd, avatar, type, create_time, enable, agency_id from user WHERE email = ? 
2020-02-16 16:19:44.411  [http-nio-8083-exec-5] DEBUG [com.mooc.house.user.mapper.UserMapper.select:] [446474d5d718385e,9105b98aa05d95ad] - ==> Parameters: 1165589811@qq.com(String)
2020-02-16 16:19:44.412  [http-nio-8083-exec-5] DEBUG [com.mooc.house.user.mapper.UserMapper.select:] [446474d5d718385e,9105b98aa05d95ad] - <==      Total: 1
2020-02-16 16:19:46.139  [http-nio-8083-exec-4] DEBUG [com.mooc.house.user.mapper.UserMapper.select:] [f5dd69638ebdc4c5,1bc8d9efb7d39fed] - ==>  Preparing: select id, name, phone, email, aboutme, passwd, avatar, type, create_time, enable, agency_id from user WHERE email = ? 
2020-02-16 16:19:46.139  [http-nio-8083-exec-4] DEBUG [com.mooc.house.user.mapper.UserMapper.select:] [f5dd69638ebdc4c5,1bc8d9efb7d39fed] - ==> Parameters: 1165589811@qq.com(String)
2020-02-16 16:19:46.140  [http-nio-8083-exec-4] DEBUG [com.mooc.house.user.mapper.UserMapper.select:] [f5dd69638ebdc4c5,1bc8d9efb7d39fed] - <==      Total: 1
2020-02-16 16:19:52.984  [http-nio-8083-exec-3] DEBUG [com.mooc.house.user.mapper.UserMapper.select:] [86c8346f41ebefa6,37612c7714336747] - ==>  Preparing: select id, name, phone, email, aboutme, passwd, avatar, type, create_time, enable, agency_id from user WHERE email = ? 
2020-02-16 16:19:52.984  [http-nio-8083-exec-3] DEBUG [com.mooc.house.user.mapper.UserMapper.select:] [86c8346f41ebefa6,37612c7714336747] - ==> Parameters: 1165589811@qq.com(String)
2020-02-16 16:19:52.985  [http-nio-8083-exec-3] DEBUG [com.mooc.house.user.mapper.UserMapper.select:] [86c8346f41ebefa6,37612c7714336747] - <==      Total: 1
2020-02-16 16:19:59.080  [http-nio-8083-exec-2] DEBUG [com.mooc.house.user.mapper.UserMapper.select:] [c744edea24fb40a8,f07adeb079350c99] - ==>  Preparing: select id, name, phone, email, aboutme, passwd, avatar, type, create_time, enable, agency_id from user WHERE email = ? 
2020-02-16 16:19:59.080  [http-nio-8083-exec-2] DEBUG [com.mooc.house.user.mapper.UserMapper.select:] [c744edea24fb40a8,f07adeb079350c99] - ==> Parameters: 1165589811@qq.com(String)
2020-02-16 16:19:59.081  [http-nio-8083-exec-2] DEBUG [com.mooc.house.user.mapper.UserMapper.select:] [c744edea24fb40a8,f07adeb079350c99] - <==      Total: 1
2020-02-16 16:20:03.270  [http-nio-8083-exec-1] DEBUG [com.mooc.house.user.mapper.AgencyMapper.selectAgent:] [c744edea24fb40a8,6031b258ae7eb01a] - ==>  Preparing: select id, name, phone, email, aboutme, passwd, avatar, type, create_time, enable, agency_id from user WHERE enable = 1 and type = 2 and id = ? order by id desc limit ?, ? 
2020-02-16 16:20:03.280  [http-nio-8083-exec-1] DEBUG [com.mooc.house.user.mapper.AgencyMapper.selectAgent:] [c744edea24fb40a8,6031b258ae7eb01a] - ==> Parameters: 3(Long), 0(Integer), 1(Integer)
2020-02-16 16:20:03.284  [http-nio-8083-exec-1] DEBUG [com.mooc.house.user.mapper.AgencyMapper.selectAgent:] [c744edea24fb40a8,6031b258ae7eb01a] - <==      Total: 0
2020-02-16 16:20:07.138  [http-nio-8083-exec-10] DEBUG [com.mooc.house.user.mapper.UserMapper.select:] [f46e0e2dc89c8ac6,1995ae67ff5977d3] - ==>  Preparing: select id, name, phone, email, aboutme, passwd, avatar, type, create_time, enable, agency_id from user WHERE email = ? 
2020-02-16 16:20:07.139  [http-nio-8083-exec-10] DEBUG [com.mooc.house.user.mapper.UserMapper.select:] [f46e0e2dc89c8ac6,1995ae67ff5977d3] - ==> Parameters: 1165589811@qq.com(String)
2020-02-16 16:20:07.140  [http-nio-8083-exec-10] DEBUG [com.mooc.house.user.mapper.UserMapper.select:] [f46e0e2dc89c8ac6,1995ae67ff5977d3] - <==      Total: 1
2020-02-16 16:20:14.478  [http-nio-8083-exec-9] DEBUG [com.mooc.house.user.mapper.UserMapper.select:] [15202e78226ecb96,c2243a969c99a5da] - ==>  Preparing: select id, name, phone, email, aboutme, passwd, avatar, type, create_time, enable, agency_id from user WHERE email = ? 
2020-02-16 16:20:14.479  [http-nio-8083-exec-9] DEBUG [com.mooc.house.user.mapper.UserMapper.select:] [15202e78226ecb96,c2243a969c99a5da] - ==> Parameters: 1165589811@qq.com(String)
2020-02-16 16:20:14.480  [http-nio-8083-exec-9] DEBUG [com.mooc.house.user.mapper.UserMapper.select:] [15202e78226ecb96,c2243a969c99a5da] - <==      Total: 1
2020-02-16 16:20:15.252  [http-nio-8083-exec-8] DEBUG [com.mooc.house.user.mapper.AgencyMapper.select:] [15202e78226ecb96,379347f0ad0f4c11] - ==>  Preparing: select id, name , address , phone , email , about_us , mobile , web_site from agency 
2020-02-16 16:20:15.253  [http-nio-8083-exec-8] DEBUG [com.mooc.house.user.mapper.AgencyMapper.select:] [15202e78226ecb96,379347f0ad0f4c11] - ==> Parameters: 
2020-02-16 16:20:15.253  [http-nio-8083-exec-8] DEBUG [com.mooc.house.user.mapper.AgencyMapper.select:] [15202e78226ecb96,379347f0ad0f4c11] - <==      Total: 0
2020-02-16 16:20:17.947  [http-nio-8083-exec-7] DEBUG [com.mooc.house.user.mapper.UserMapper.select:] [e1412517ac1d8909,bb523677d49dc7a6] - ==>  Preparing: select id, name, phone, email, aboutme, passwd, avatar, type, create_time, enable, agency_id from user WHERE email = ? 
2020-02-16 16:20:17.948  [http-nio-8083-exec-7] DEBUG [com.mooc.house.user.mapper.UserMapper.select:] [e1412517ac1d8909,bb523677d49dc7a6] - ==> Parameters: 1165589811@qq.com(String)
2020-02-16 16:20:17.954  [http-nio-8083-exec-7] DEBUG [com.mooc.house.user.mapper.UserMapper.select:] [e1412517ac1d8909,bb523677d49dc7a6] - <==      Total: 1
2020-02-16 16:22:22.899  [http-nio-8083-exec-5] DEBUG [com.mooc.house.user.mapper.UserMapper.select:] [683f4f7147234bc7,17b3117b884e79e6] - ==>  Preparing: select id, name, phone, email, aboutme, passwd, avatar, type, create_time, enable, agency_id from user WHERE email = ? 
2020-02-16 16:22:22.899  [http-nio-8083-exec-5] DEBUG [com.mooc.house.user.mapper.UserMapper.select:] [683f4f7147234bc7,17b3117b884e79e6] - ==> Parameters: 1165589811@qq.com(String)
2020-02-16 16:22:22.900  [http-nio-8083-exec-5] DEBUG [com.mooc.house.user.mapper.UserMapper.select:] [683f4f7147234bc7,17b3117b884e79e6] - <==      Total: 1
2020-02-16 16:22:29.075  [http-nio-8083-exec-4] DEBUG [com.mooc.house.user.mapper.UserMapper.select:] [50e39b651780aba6,e9a0a5ebdb7cc6e2] - ==>  Preparing: select id, name, phone, email, aboutme, passwd, avatar, type, create_time, enable, agency_id from user WHERE email = ? 
2020-02-16 16:22:29.076  [http-nio-8083-exec-4] DEBUG [com.mooc.house.user.mapper.UserMapper.select:] [50e39b651780aba6,e9a0a5ebdb7cc6e2] - ==> Parameters: 1165589811@qq.com(String)
2020-02-16 16:22:29.077  [http-nio-8083-exec-4] DEBUG [com.mooc.house.user.mapper.UserMapper.select:] [50e39b651780aba6,e9a0a5ebdb7cc6e2] - <==      Total: 1
2020-02-16 16:22:31.593  [http-nio-8083-exec-3] DEBUG [com.mooc.house.user.mapper.AgencyMapper.selectAgent:] [50e39b651780aba6,7f468a3eb563ba39] - ==>  Preparing: select id, name, phone, email, aboutme, passwd, avatar, type, create_time, enable, agency_id from user WHERE enable = 1 and type = 2 and id = ? order by id desc limit ?, ? 
2020-02-16 16:22:31.596  [http-nio-8083-exec-3] DEBUG [com.mooc.house.user.mapper.AgencyMapper.selectAgent:] [50e39b651780aba6,7f468a3eb563ba39] - ==> Parameters: 3(Long), 0(Integer), 1(Integer)
2020-02-16 16:22:31.597  [http-nio-8083-exec-3] DEBUG [com.mooc.house.user.mapper.AgencyMapper.selectAgent:] [50e39b651780aba6,7f468a3eb563ba39] - <==      Total: 0
2020-02-16 16:23:41.138  [http-nio-8083-exec-1] DEBUG [com.mooc.house.user.mapper.UserMapper.select:] [9059becd2898b532,fbffe0148797641b] - ==>  Preparing: select id, name, phone, email, aboutme, passwd, avatar, type, create_time, enable, agency_id from user WHERE email = ? 
2020-02-16 16:23:41.139  [http-nio-8083-exec-1] DEBUG [com.mooc.house.user.mapper.UserMapper.select:] [9059becd2898b532,fbffe0148797641b] - ==> Parameters: 1165589811@qq.com(String)
2020-02-16 16:23:41.140  [http-nio-8083-exec-1] DEBUG [com.mooc.house.user.mapper.UserMapper.select:] [9059becd2898b532,fbffe0148797641b] - <==      Total: 1
2020-02-16 16:23:49.406  [http-nio-8083-exec-10] DEBUG [com.mooc.house.user.mapper.UserMapper.select:] [86ef76f764d65f53,d98373752e058ab6] - ==>  Preparing: select id, name, phone, email, aboutme, passwd, avatar, type, create_time, enable, agency_id from user WHERE email = ? 
2020-02-16 16:23:49.407  [http-nio-8083-exec-10] DEBUG [com.mooc.house.user.mapper.UserMapper.select:] [86ef76f764d65f53,d98373752e058ab6] - ==> Parameters: 1165589811@qq.com(String)
2020-02-16 16:23:49.408  [http-nio-8083-exec-10] DEBUG [com.mooc.house.user.mapper.UserMapper.select:] [86ef76f764d65f53,d98373752e058ab6] - <==      Total: 1
2020-02-16 16:23:59.736  [http-nio-8083-exec-9] DEBUG [com.mooc.house.user.mapper.UserMapper.select:] [169797e2878a22b7,bafec398374c1b56] - ==>  Preparing: select id, name, phone, email, aboutme, passwd, avatar, type, create_time, enable, agency_id from user WHERE email = ? 
2020-02-16 16:23:59.736  [http-nio-8083-exec-9] DEBUG [com.mooc.house.user.mapper.UserMapper.select:] [169797e2878a22b7,bafec398374c1b56] - ==> Parameters: 1165589811@qq.com(String)
2020-02-16 16:23:59.737  [http-nio-8083-exec-9] DEBUG [com.mooc.house.user.mapper.UserMapper.select:] [169797e2878a22b7,bafec398374c1b56] - <==      Total: 1
2020-02-16 16:24:02.587  [http-nio-8083-exec-8] DEBUG [com.mooc.house.user.mapper.AgencyMapper.selectAgent:] [169797e2878a22b7,fe3298dbc6525c32] - ==>  Preparing: select id, name, phone, email, aboutme, passwd, avatar, type, create_time, enable, agency_id from user WHERE enable = 1 and type = 2 and id = ? order by id desc limit ?, ? 
2020-02-16 16:24:02.588  [http-nio-8083-exec-8] DEBUG [com.mooc.house.user.mapper.AgencyMapper.selectAgent:] [169797e2878a22b7,fe3298dbc6525c32] - ==> Parameters: 3(Long), 0(Integer), 1(Integer)
2020-02-16 16:24:02.589  [http-nio-8083-exec-8] DEBUG [com.mooc.house.user.mapper.AgencyMapper.selectAgent:] [169797e2878a22b7,fe3298dbc6525c32] - <==      Total: 0
2020-02-16 16:26:12.879  [http-nio-8083-exec-6] DEBUG [com.mooc.house.user.mapper.UserMapper.select:] [f97e084707c7455c,cb52a050e59b2726] - ==>  Preparing: select id, name, phone, email, aboutme, passwd, avatar, type, create_time, enable, agency_id from user WHERE email = ? 
2020-02-16 16:26:12.879  [http-nio-8083-exec-6] DEBUG [com.mooc.house.user.mapper.UserMapper.select:] [f97e084707c7455c,cb52a050e59b2726] - ==> Parameters: 1165589811@qq.com(String)
2020-02-16 16:26:12.880  [http-nio-8083-exec-6] DEBUG [com.mooc.house.user.mapper.UserMapper.select:] [f97e084707c7455c,cb52a050e59b2726] - <==      Total: 1
2020-02-16 16:26:27.500  [http-nio-8083-exec-5] DEBUG [com.mooc.house.user.mapper.UserMapper.select:] [c4f674c165e36a54,c3854125e4110e2d] - ==>  Preparing: select id, name, phone, email, aboutme, passwd, avatar, type, create_time, enable, agency_id from user WHERE email = ? 
2020-02-16 16:26:27.501  [http-nio-8083-exec-5] DEBUG [com.mooc.house.user.mapper.UserMapper.select:] [c4f674c165e36a54,c3854125e4110e2d] - ==> Parameters: 1165589811@qq.com(String)
2020-02-16 16:26:27.502  [http-nio-8083-exec-5] DEBUG [com.mooc.house.user.mapper.UserMapper.select:] [c4f674c165e36a54,c3854125e4110e2d] - <==      Total: 1
2020-02-16 16:26:29.455  [http-nio-8083-exec-4] DEBUG [com.mooc.house.user.mapper.UserMapper.select:] [1fc92235b045ebfa,e17d5d5770d34f07] - ==>  Preparing: select id, name, phone, email, aboutme, passwd, avatar, type, create_time, enable, agency_id from user WHERE email = ? 
2020-02-16 16:26:29.456  [http-nio-8083-exec-4] DEBUG [com.mooc.house.user.mapper.UserMapper.select:] [1fc92235b045ebfa,e17d5d5770d34f07] - ==> Parameters: 1165589811@qq.com(String)
2020-02-16 16:26:29.457  [http-nio-8083-exec-4] DEBUG [com.mooc.house.user.mapper.UserMapper.select:] [1fc92235b045ebfa,e17d5d5770d34f07] - <==      Total: 1
2020-02-16 16:26:31.596  [http-nio-8083-exec-3] DEBUG [com.mooc.house.user.mapper.UserMapper.selectById:] [1fc92235b045ebfa,b08acde1c0a8255d] - ==>  Preparing: select id, name, phone, email, aboutme, passwd, avatar, type, create_time, enable, agency_id from user where id = ? 
2020-02-16 16:26:31.596  [http-nio-8083-exec-3] DEBUG [com.mooc.house.user.mapper.UserMapper.selectById:] [1fc92235b045ebfa,b08acde1c0a8255d] - ==> Parameters: 3(Long)
2020-02-16 16:26:31.597  [http-nio-8083-exec-3] DEBUG [com.mooc.house.user.mapper.UserMapper.selectById:] [1fc92235b045ebfa,b08acde1c0a8255d] - <==      Total: 1
2020-02-16 16:26:33.618  [http-nio-8083-exec-2] DEBUG [com.mooc.house.user.mapper.AgencyMapper.selectAgent:] [1fc92235b045ebfa,dd0c322014db0b93] - ==>  Preparing: select id, name, phone, email, aboutme, passwd, avatar, type, create_time, enable, agency_id from user WHERE enable = 1 and type = 2 and id = ? order by id desc limit ?, ? 
2020-02-16 16:26:33.618  [http-nio-8083-exec-2] DEBUG [com.mooc.house.user.mapper.AgencyMapper.selectAgent:] [1fc92235b045ebfa,dd0c322014db0b93] - ==> Parameters: 3(Long), 0(Integer), 1(Integer)
2020-02-16 16:26:33.619  [http-nio-8083-exec-2] DEBUG [com.mooc.house.user.mapper.AgencyMapper.selectAgent:] [1fc92235b045ebfa,dd0c322014db0b93] - <==      Total: 0
2020-02-16 16:27:28.509  [http-nio-8083-exec-1] DEBUG [com.mooc.house.user.mapper.UserMapper.select:] [b519d6836098875c,494c37b192751691] - ==>  Preparing: select id, name, phone, email, aboutme, passwd, avatar, type, create_time, enable, agency_id from user WHERE email = ? 
2020-02-16 16:27:28.510  [http-nio-8083-exec-1] DEBUG [com.mooc.house.user.mapper.UserMapper.select:] [b519d6836098875c,494c37b192751691] - ==> Parameters: 1165589811@qq.com(String)
2020-02-16 16:27:28.511  [http-nio-8083-exec-1] DEBUG [com.mooc.house.user.mapper.UserMapper.select:] [b519d6836098875c,494c37b192751691] - <==      Total: 1
2020-02-16 16:30:38.366  [http-nio-8083-exec-5] DEBUG [com.mooc.house.user.mapper.AgencyMapper.select:] [6cd2dc0c41f7f7eb,2fa74a52a4b5920a] - ==>  Preparing: select id, name , address , phone , email , about_us , mobile , web_site from agency 
2020-02-16 16:30:38.367  [http-nio-8083-exec-5] DEBUG [com.mooc.house.user.mapper.AgencyMapper.select:] [6cd2dc0c41f7f7eb,2fa74a52a4b5920a] - ==> Parameters: 
2020-02-16 16:30:38.368  [http-nio-8083-exec-5] DEBUG [com.mooc.house.user.mapper.AgencyMapper.select:] [6cd2dc0c41f7f7eb,2fa74a52a4b5920a] - <==      Total: 1
2020-02-16 16:31:15.567  [http-nio-8083-exec-3] DEBUG [com.mooc.house.user.mapper.UserMapper.select:] [fdc113a00fb0f165,21abafb7da650fc6] - ==>  Preparing: select id, name, phone, email, aboutme, passwd, avatar, type, create_time, enable, agency_id from user WHERE email = ? 
2020-02-16 16:31:15.568  [http-nio-8083-exec-3] DEBUG [com.mooc.house.user.mapper.UserMapper.select:] [fdc113a00fb0f165,21abafb7da650fc6] - ==> Parameters: lw1165589811@163.com(String)
2020-02-16 16:31:15.569  [http-nio-8083-exec-3] DEBUG [com.mooc.house.user.mapper.UserMapper.select:] [fdc113a00fb0f165,21abafb7da650fc6] - <==      Total: 0
2020-02-16 16:31:16.514  [http-nio-8083-exec-2] DEBUG [com.mooc.house.user.mapper.UserMapper.insert:] [fdc113a00fb0f165,1ff278eef0c5dc40] - ==>  Preparing: insert into user ( name, phone, email, aboutme, passwd, avatar, type, create_time, enable ) values( ?, ?, ?, ?, ?, ?, ?, ?, ? ) 
2020-02-16 16:31:16.529  [http-nio-8083-exec-2] DEBUG [com.mooc.house.user.mapper.UserMapper.insert:] [fdc113a00fb0f165,1ff278eef0c5dc40] - ==> Parameters: eqweqw(String), 15692316582(String), lw1165589811@163.com(String), 1(String), 9774f20408063cc19ac79e8afff1b59e(String), /1581841876/363427.jpg(String), 2(Integer), 2020-02-16 16:31:16.378(Timestamp), 0(Integer)
2020-02-16 16:31:16.531  [http-nio-8083-exec-2] DEBUG [com.mooc.house.user.mapper.UserMapper.insert:] [fdc113a00fb0f165,1ff278eef0c5dc40] - <==    Updates: 1
2020-02-16 16:33:14.380  [http-nio-8083-exec-10] DEBUG [com.mooc.house.user.mapper.UserMapper.update:] [d2dd71afaadf50df,a1a7be814c545ee1] - ==>  Preparing: update user SET enable = ? where email = ? 
2020-02-16 16:33:14.380  [http-nio-8083-exec-10] DEBUG [com.mooc.house.user.mapper.UserMapper.update:] [d2dd71afaadf50df,a1a7be814c545ee1] - ==> Parameters: 1(Integer), lw1165589811@163.com(String)
2020-02-16 16:33:14.382  [http-nio-8083-exec-10] DEBUG [com.mooc.house.user.mapper.UserMapper.update:] [d2dd71afaadf50df,a1a7be814c545ee1] - <==    Updates: 1
2020-02-16 16:34:02.502  [http-nio-8083-exec-9] DEBUG [com.mooc.house.user.mapper.UserMapper.select:] [e4bec262392a9e6d,ac44e96e334820aa] - ==>  Preparing: select id, name, phone, email, aboutme, passwd, avatar, type, create_time, enable, agency_id from user WHERE email = ? and passwd = ? and enable = ? 
2020-02-16 16:34:02.502  [http-nio-8083-exec-9] DEBUG [com.mooc.house.user.mapper.UserMapper.select:] [e4bec262392a9e6d,ac44e96e334820aa] - ==> Parameters: lw1165589811@163.com(String), 9774f20408063cc19ac79e8afff1b59e(String), 1(Integer)
2020-02-16 16:34:02.504  [http-nio-8083-exec-9] DEBUG [com.mooc.house.user.mapper.UserMapper.select:] [e4bec262392a9e6d,ac44e96e334820aa] - <==      Total: 1
2020-02-16 16:34:03.622  [http-nio-8083-exec-8] DEBUG [com.mooc.house.user.mapper.UserMapper.select:] [72fb7bb849885ec6,deda741b964a263b] - ==>  Preparing: select id, name, phone, email, aboutme, passwd, avatar, type, create_time, enable, agency_id from user WHERE email = ? 
2020-02-16 16:34:03.622  [http-nio-8083-exec-8] DEBUG [com.mooc.house.user.mapper.UserMapper.select:] [72fb7bb849885ec6,deda741b964a263b] - ==> Parameters: lw1165589811@163.com(String)
2020-02-16 16:34:03.630  [http-nio-8083-exec-8] DEBUG [com.mooc.house.user.mapper.UserMapper.select:] [72fb7bb849885ec6,deda741b964a263b] - <==      Total: 1
2020-02-16 16:34:15.246  [http-nio-8083-exec-7] DEBUG [com.mooc.house.user.mapper.UserMapper.select:] [924e7181351dd381,d00b2696155696cf] - ==>  Preparing: select id, name, phone, email, aboutme, passwd, avatar, type, create_time, enable, agency_id from user WHERE email = ? 
2020-02-16 16:34:15.246  [http-nio-8083-exec-7] DEBUG [com.mooc.house.user.mapper.UserMapper.select:] [924e7181351dd381,d00b2696155696cf] - ==> Parameters: lw1165589811@163.com(String)
2020-02-16 16:34:15.248  [http-nio-8083-exec-7] DEBUG [com.mooc.house.user.mapper.UserMapper.select:] [924e7181351dd381,d00b2696155696cf] - <==      Total: 1
2020-02-16 16:34:16.034  [http-nio-8083-exec-6] DEBUG [com.mooc.house.user.mapper.AgencyMapper.selectAgent:] [924e7181351dd381,66b93aae7230d03a] - ==>  Preparing: select id, name, phone, email, aboutme, passwd, avatar, type, create_time, enable, agency_id from user WHERE enable = 1 and type = 2 order by id desc limit ?, ? 
2020-02-16 16:34:16.035  [http-nio-8083-exec-6] DEBUG [com.mooc.house.user.mapper.AgencyMapper.selectAgent:] [924e7181351dd381,66b93aae7230d03a] - ==> Parameters: 0(Integer), 6(Integer)
2020-02-16 16:34:16.036  [http-nio-8083-exec-6] DEBUG [com.mooc.house.user.mapper.AgencyMapper.selectAgent:] [924e7181351dd381,66b93aae7230d03a] - <==      Total: 1
2020-02-16 16:34:16.037  [http-nio-8083-exec-6] DEBUG [com.mooc.house.user.mapper.AgencyMapper.selectAgentCount:] [924e7181351dd381,66b93aae7230d03a] - ==>  Preparing: select count(id) from user WHERE enable = 1 and type = 2 
2020-02-16 16:34:16.037  [http-nio-8083-exec-6] DEBUG [com.mooc.house.user.mapper.AgencyMapper.selectAgentCount:] [924e7181351dd381,66b93aae7230d03a] - ==> Parameters: 
2020-02-16 16:34:16.038  [http-nio-8083-exec-6] DEBUG [com.mooc.house.user.mapper.AgencyMapper.selectAgentCount:] [924e7181351dd381,66b93aae7230d03a] - <==      Total: 1
2020-02-16 16:34:21.358  [http-nio-8083-exec-5] DEBUG [com.mooc.house.user.mapper.UserMapper.select:] [7f03c7b27c403eec,ff8edd029f0ac21c] - ==>  Preparing: select id, name, phone, email, aboutme, passwd, avatar, type, create_time, enable, agency_id from user WHERE email = ? 
2020-02-16 16:34:21.358  [http-nio-8083-exec-5] DEBUG [com.mooc.house.user.mapper.UserMapper.select:] [7f03c7b27c403eec,ff8edd029f0ac21c] - ==> Parameters: lw1165589811@163.com(String)
2020-02-16 16:34:21.361  [http-nio-8083-exec-5] DEBUG [com.mooc.house.user.mapper.UserMapper.select:] [7f03c7b27c403eec,ff8edd029f0ac21c] - <==      Total: 1
2020-02-16 16:34:22.119  [http-nio-8083-exec-4] DEBUG [com.mooc.house.user.mapper.AgencyMapper.selectAgent:] [7f03c7b27c403eec,6b5980324b6de8d1] - ==>  Preparing: select id, name, phone, email, aboutme, passwd, avatar, type, create_time, enable, agency_id from user WHERE enable = 1 and type = 2 and id = ? order by id desc limit ?, ? 
2020-02-16 16:34:22.119  [http-nio-8083-exec-4] DEBUG [com.mooc.house.user.mapper.AgencyMapper.selectAgent:] [7f03c7b27c403eec,6b5980324b6de8d1] - ==> Parameters: 4(Long), 0(Integer), 1(Integer)
2020-02-16 16:34:22.121  [http-nio-8083-exec-4] DEBUG [com.mooc.house.user.mapper.AgencyMapper.selectAgent:] [7f03c7b27c403eec,6b5980324b6de8d1] - <==      Total: 1
2020-02-16 16:34:22.121  [http-nio-8083-exec-4] DEBUG [com.mooc.house.user.mapper.AgencyMapper.select:] [7f03c7b27c403eec,6b5980324b6de8d1] - ==>  Preparing: select id, name , address , phone , email , about_us , mobile , web_site from agency 
2020-02-16 16:34:22.122  [http-nio-8083-exec-4] DEBUG [com.mooc.house.user.mapper.AgencyMapper.select:] [7f03c7b27c403eec,6b5980324b6de8d1] - ==> Parameters: 
2020-02-16 16:34:22.122  [http-nio-8083-exec-4] DEBUG [com.mooc.house.user.mapper.AgencyMapper.select:] [7f03c7b27c403eec,6b5980324b6de8d1] - <==      Total: 1
2020-02-16 16:34:52.144  [http-nio-8083-exec-3] DEBUG [com.mooc.house.user.mapper.UserMapper.select:] [e79b47b8931a1b5f,de10e7ed9eb74f60] - ==>  Preparing: select id, name, phone, email, aboutme, passwd, avatar, type, create_time, enable, agency_id from user WHERE email = ? 
2020-02-16 16:34:52.145  [http-nio-8083-exec-3] DEBUG [com.mooc.house.user.mapper.UserMapper.select:] [e79b47b8931a1b5f,de10e7ed9eb74f60] - ==> Parameters: lw1165589811@163.com(String)
2020-02-16 16:34:52.146  [http-nio-8083-exec-3] DEBUG [com.mooc.house.user.mapper.UserMapper.select:] [e79b47b8931a1b5f,de10e7ed9eb74f60] - <==      Total: 1
2020-02-16 16:34:52.987  [http-nio-8083-exec-2] DEBUG [com.mooc.house.user.mapper.AgencyMapper.selectAgent:] [e79b47b8931a1b5f,758baacb0c0b8760] - ==>  Preparing: select id, name, phone, email, aboutme, passwd, avatar, type, create_time, enable, agency_id from user WHERE enable = 1 and type = 2 and id = ? order by id desc limit ?, ? 
2020-02-16 16:34:52.988  [http-nio-8083-exec-2] DEBUG [com.mooc.house.user.mapper.AgencyMapper.selectAgent:] [e79b47b8931a1b5f,758baacb0c0b8760] - ==> Parameters: 4(Long), 0(Integer), 1(Integer)
2020-02-16 16:34:52.989  [http-nio-8083-exec-2] DEBUG [com.mooc.house.user.mapper.AgencyMapper.selectAgent:] [e79b47b8931a1b5f,758baacb0c0b8760] - <==      Total: 1
2020-02-16 16:34:52.990  [http-nio-8083-exec-2] DEBUG [com.mooc.house.user.mapper.AgencyMapper.select:] [e79b47b8931a1b5f,758baacb0c0b8760] - ==>  Preparing: select id, name , address , phone , email , about_us , mobile , web_site from agency 
2020-02-16 16:34:52.990  [http-nio-8083-exec-2] DEBUG [com.mooc.house.user.mapper.AgencyMapper.select:] [e79b47b8931a1b5f,758baacb0c0b8760] - ==> Parameters: 
2020-02-16 16:34:52.991  [http-nio-8083-exec-2] DEBUG [com.mooc.house.user.mapper.AgencyMapper.select:] [e79b47b8931a1b5f,758baacb0c0b8760] - <==      Total: 1
2020-02-16 16:34:54.701  [http-nio-8083-exec-1] DEBUG [com.mooc.house.user.mapper.UserMapper.select:] [5ccb2d5acb3b1277,1a392747fbca8322] - ==>  Preparing: select id, name, phone, email, aboutme, passwd, avatar, type, create_time, enable, agency_id from user WHERE email = ? 
2020-02-16 16:34:54.701  [http-nio-8083-exec-1] DEBUG [com.mooc.house.user.mapper.UserMapper.select:] [5ccb2d5acb3b1277,1a392747fbca8322] - ==> Parameters: lw1165589811@163.com(String)
2020-02-16 16:34:54.702  [http-nio-8083-exec-1] DEBUG [com.mooc.house.user.mapper.UserMapper.select:] [5ccb2d5acb3b1277,1a392747fbca8322] - <==      Total: 1
2020-02-16 16:34:55.616  [http-nio-8083-exec-10] DEBUG [com.mooc.house.user.mapper.AgencyMapper.selectAgent:] [5ccb2d5acb3b1277,3ce818a909f78703] - ==>  Preparing: select id, name, phone, email, aboutme, passwd, avatar, type, create_time, enable, agency_id from user WHERE enable = 1 and type = 2 and id = ? order by id desc limit ?, ? 
2020-02-16 16:34:55.617  [http-nio-8083-exec-10] DEBUG [com.mooc.house.user.mapper.AgencyMapper.selectAgent:] [5ccb2d5acb3b1277,3ce818a909f78703] - ==> Parameters: 4(Long), 0(Integer), 1(Integer)
2020-02-16 16:34:55.618  [http-nio-8083-exec-10] DEBUG [com.mooc.house.user.mapper.AgencyMapper.selectAgent:] [5ccb2d5acb3b1277,3ce818a909f78703] - <==      Total: 1
2020-02-16 16:34:55.619  [http-nio-8083-exec-10] DEBUG [com.mooc.house.user.mapper.AgencyMapper.select:] [5ccb2d5acb3b1277,3ce818a909f78703] - ==>  Preparing: select id, name , address , phone , email , about_us , mobile , web_site from agency 
2020-02-16 16:34:55.620  [http-nio-8083-exec-10] DEBUG [com.mooc.house.user.mapper.AgencyMapper.select:] [5ccb2d5acb3b1277,3ce818a909f78703] - ==> Parameters: 
2020-02-16 16:34:55.622  [http-nio-8083-exec-10] DEBUG [com.mooc.house.user.mapper.AgencyMapper.select:] [5ccb2d5acb3b1277,3ce818a909f78703] - <==      Total: 1
2020-02-16 16:35:16.583  [http-nio-8083-exec-9] DEBUG [com.mooc.house.user.mapper.UserMapper.select:] [d1fd11451ffd24a3,4f143fcdab35bea9] - ==>  Preparing: select id, name, phone, email, aboutme, passwd, avatar, type, create_time, enable, agency_id from user WHERE email = ? 
2020-02-16 16:35:16.584  [http-nio-8083-exec-9] DEBUG [com.mooc.house.user.mapper.UserMapper.select:] [d1fd11451ffd24a3,4f143fcdab35bea9] - ==> Parameters: lw1165589811@163.com(String)
2020-02-16 16:35:16.585  [http-nio-8083-exec-9] DEBUG [com.mooc.house.user.mapper.UserMapper.select:] [d1fd11451ffd24a3,4f143fcdab35bea9] - <==      Total: 1
2020-02-16 16:35:17.330  [http-nio-8083-exec-8] DEBUG [com.mooc.house.user.mapper.AgencyMapper.selectAgent:] [d1fd11451ffd24a3,cbd39cd9e86631b5] - ==>  Preparing: select id, name, phone, email, aboutme, passwd, avatar, type, create_time, enable, agency_id from user WHERE enable = 1 and type = 2 and id = ? order by id desc limit ?, ? 
2020-02-16 16:35:17.330  [http-nio-8083-exec-8] DEBUG [com.mooc.house.user.mapper.AgencyMapper.selectAgent:] [d1fd11451ffd24a3,cbd39cd9e86631b5] - ==> Parameters: 4(Long), 0(Integer), 1(Integer)
2020-02-16 16:35:17.331  [http-nio-8083-exec-8] DEBUG [com.mooc.house.user.mapper.AgencyMapper.selectAgent:] [d1fd11451ffd24a3,cbd39cd9e86631b5] - <==      Total: 1
2020-02-16 16:35:17.331  [http-nio-8083-exec-8] DEBUG [com.mooc.house.user.mapper.AgencyMapper.select:] [d1fd11451ffd24a3,cbd39cd9e86631b5] - ==>  Preparing: select id, name , address , phone , email , about_us , mobile , web_site from agency 
2020-02-16 16:35:17.332  [http-nio-8083-exec-8] DEBUG [com.mooc.house.user.mapper.AgencyMapper.select:] [d1fd11451ffd24a3,cbd39cd9e86631b5] - ==> Parameters: 
2020-02-16 16:35:17.332  [http-nio-8083-exec-8] DEBUG [com.mooc.house.user.mapper.AgencyMapper.select:] [d1fd11451ffd24a3,cbd39cd9e86631b5] - <==      Total: 1
2020-02-16 16:35:18.916  [http-nio-8083-exec-7] DEBUG [com.mooc.house.user.mapper.UserMapper.select:] [31579cc530871d3a,22638cc922019855] - ==>  Preparing: select id, name, phone, email, aboutme, passwd, avatar, type, create_time, enable, agency_id from user WHERE email = ? 
2020-02-16 16:35:18.916  [http-nio-8083-exec-7] DEBUG [com.mooc.house.user.mapper.UserMapper.select:] [31579cc530871d3a,22638cc922019855] - ==> Parameters: lw1165589811@163.com(String)
2020-02-16 16:35:18.918  [http-nio-8083-exec-7] DEBUG [com.mooc.house.user.mapper.UserMapper.select:] [31579cc530871d3a,22638cc922019855] - <==      Total: 1
2020-02-16 16:35:19.831  [http-nio-8083-exec-6] DEBUG [com.mooc.house.user.mapper.AgencyMapper.selectAgent:] [31579cc530871d3a,43dbc1ea7487f796] - ==>  Preparing: select id, name, phone, email, aboutme, passwd, avatar, type, create_time, enable, agency_id from user WHERE enable = 1 and type = 2 and id = ? order by id desc limit ?, ? 
2020-02-16 16:35:19.832  [http-nio-8083-exec-6] DEBUG [com.mooc.house.user.mapper.AgencyMapper.selectAgent:] [31579cc530871d3a,43dbc1ea7487f796] - ==> Parameters: 4(Long), 0(Integer), 1(Integer)
2020-02-16 16:35:19.833  [http-nio-8083-exec-6] DEBUG [com.mooc.house.user.mapper.AgencyMapper.selectAgent:] [31579cc530871d3a,43dbc1ea7487f796] - <==      Total: 1
2020-02-16 16:35:19.834  [http-nio-8083-exec-6] DEBUG [com.mooc.house.user.mapper.AgencyMapper.select:] [31579cc530871d3a,43dbc1ea7487f796] - ==>  Preparing: select id, name , address , phone , email , about_us , mobile , web_site from agency 
2020-02-16 16:35:19.835  [http-nio-8083-exec-6] DEBUG [com.mooc.house.user.mapper.AgencyMapper.select:] [31579cc530871d3a,43dbc1ea7487f796] - ==> Parameters: 
2020-02-16 16:35:19.835  [http-nio-8083-exec-6] DEBUG [com.mooc.house.user.mapper.AgencyMapper.select:] [31579cc530871d3a,43dbc1ea7487f796] - <==      Total: 1
2020-02-16 16:35:56.022  [http-nio-8083-exec-5] DEBUG [com.mooc.house.user.mapper.UserMapper.select:] [07e43ef217bad65f,ba307b3074b37be1] - ==>  Preparing: select id, name, phone, email, aboutme, passwd, avatar, type, create_time, enable, agency_id from user WHERE email = ? 
2020-02-16 16:35:56.022  [http-nio-8083-exec-5] DEBUG [com.mooc.house.user.mapper.UserMapper.select:] [07e43ef217bad65f,ba307b3074b37be1] - ==> Parameters: lw1165589811@163.com(String)
2020-02-16 16:35:56.024  [http-nio-8083-exec-5] DEBUG [com.mooc.house.user.mapper.UserMapper.select:] [07e43ef217bad65f,ba307b3074b37be1] - <==      Total: 1
2020-02-16 16:35:56.807  [http-nio-8083-exec-4] DEBUG [com.mooc.house.user.mapper.AgencyMapper.select:] [07e43ef217bad65f,7a096ce2706aaf15] - ==>  Preparing: select id, name , address , phone , email , about_us , mobile , web_site from agency 
2020-02-16 16:35:56.807  [http-nio-8083-exec-4] DEBUG [com.mooc.house.user.mapper.AgencyMapper.select:] [07e43ef217bad65f,7a096ce2706aaf15] - ==> Parameters: 
2020-02-16 16:35:56.808  [http-nio-8083-exec-4] DEBUG [com.mooc.house.user.mapper.AgencyMapper.select:] [07e43ef217bad65f,7a096ce2706aaf15] - <==      Total: 1
2020-02-16 16:36:03.460  [http-nio-8083-exec-3] DEBUG [com.mooc.house.user.mapper.UserMapper.select:] [e9b15be47facacd1,518e2760a67ff91b] - ==>  Preparing: select id, name, phone, email, aboutme, passwd, avatar, type, create_time, enable, agency_id from user WHERE email = ? 
2020-02-16 16:36:03.461  [http-nio-8083-exec-3] DEBUG [com.mooc.house.user.mapper.UserMapper.select:] [e9b15be47facacd1,518e2760a67ff91b] - ==> Parameters: lw1165589811@163.com(String)
2020-02-16 16:36:03.463  [http-nio-8083-exec-3] DEBUG [com.mooc.house.user.mapper.UserMapper.select:] [e9b15be47facacd1,518e2760a67ff91b] - <==      Total: 1
2020-02-16 16:36:07.959  [http-nio-8083-exec-2] DEBUG [com.mooc.house.user.mapper.UserMapper.select:] [19de61868b14be16,063eecbb5062cf98] - ==>  Preparing: select id, name, phone, email, aboutme, passwd, avatar, type, create_time, enable, agency_id from user WHERE email = ? 
2020-02-16 16:36:07.959  [http-nio-8083-exec-2] DEBUG [com.mooc.house.user.mapper.UserMapper.select:] [19de61868b14be16,063eecbb5062cf98] - ==> Parameters: lw1165589811@163.com(String)
2020-02-16 16:36:07.960  [http-nio-8083-exec-2] DEBUG [com.mooc.house.user.mapper.UserMapper.select:] [19de61868b14be16,063eecbb5062cf98] - <==      Total: 1
2020-02-16 16:36:08.692  [http-nio-8083-exec-1] DEBUG [com.mooc.house.user.mapper.AgencyMapper.select:] [19de61868b14be16,3b86cd3289aef216] - ==>  Preparing: select id, name , address , phone , email , about_us , mobile , web_site from agency 
2020-02-16 16:36:08.692  [http-nio-8083-exec-1] DEBUG [com.mooc.house.user.mapper.AgencyMapper.select:] [19de61868b14be16,3b86cd3289aef216] - ==> Parameters: 
2020-02-16 16:36:08.693  [http-nio-8083-exec-1] DEBUG [com.mooc.house.user.mapper.AgencyMapper.select:] [19de61868b14be16,3b86cd3289aef216] - <==      Total: 1
